TN:
SF:src/config.ts
FN:92,deepMerge
FN:111,loadConfig
FN:140,overlayStoredLlmConfig
FN:166,ensureDataDirs
FNF:4
FNH:1
FNDA:0,deepMerge
FNDA:0,loadConfig
FNDA:2,overlayStoredLlmConfig
FNDA:0,ensureDataDirs
DA:59,2
DA:90,2
DA:93,0
DA:94,0
DA:95,0
DA:96,0
DA:97,0
DA:103,0
DA:105,0
DA:108,0
DA:112,0
DA:113,0
DA:114,0
DA:115,0
DA:117,0
DA:119,0
DA:120,0
DA:121,0
DA:125,0
DA:126,0
DA:127,0
DA:128,0
DA:130,0
DA:144,2
DA:147,2
DA:148,2
DA:151,2
DA:160,2
DA:161,2
DA:162,1
DA:167,0
DA:168,0
DA:172,0
DA:175,0
LF:34
LH:9
BRDA:96,0,0,0
BRDA:96,0,1,0
BRDA:97,1,0,0
BRDA:97,1,1,0
BRDA:98,2,0,0
BRDA:98,2,1,0
BRDA:98,2,2,0
BRDA:98,2,3,0
BRDA:114,3,0,0
BRDA:114,3,1,0
BRDA:120,4,0,0
BRDA:120,4,1,0
BRDA:120,5,0,0
BRDA:120,5,1,0
BRDA:126,6,0,0
BRDA:126,6,1,0
BRDA:127,7,0,0
BRDA:127,7,1,0
BRDA:144,8,0,2
BRDA:144,8,1,0
BRDA:148,9,0,2
BRDA:148,9,1,0
BRDA:149,10,0,0
BRDA:149,10,1,2
BRDA:161,11,0,1
BRDA:161,11,1,1
BRDA:161,12,0,2
BRDA:161,12,1,1
BRF:28
BRH:7
end_of_record
TN:
SF:src/events.ts
FN:39,constructor
FN:43,on
FN:47,(anonymous_2)
FN:52,(anonymous_3)
FN:58,emit
FN:62,(anonymous_5)
FN:73,defaultOnError
FNF:7
FNH:6
FNDA:4,constructor
FNDA:6,on
FNDA:1,(anonymous_2)
FNDA:1,(anonymous_3)
FNDA:4,emit
FNDA:5,(anonymous_5)
FNDA:0,defaultOnError
DA:37,4
DA:40,4
DA:44,6
DA:45,6
DA:46,6
DA:47,6
DA:48,1
DA:49,1
DA:50,1
DA:52,1
DA:59,4
DA:60,4
DA:61,3
DA:63,5
DA:64,5
DA:66,1
DA:74,0
LF:17
LH:16
BRDA:40,0,0,4
BRDA:44,1,0,6
BRDA:44,1,1,4
BRDA:49,2,0,1
BRDA:49,2,1,0
BRDA:60,3,0,1
BRDA:60,3,1,3
BRDA:60,4,0,4
BRDA:60,4,1,4
BRDA:76,5,0,0
BRDA:76,5,1,0
BRF:11
BRH:8
end_of_record
TN:
SF:src/index.ts
FNF:0
FNH:0
LF:0
LH:0
BRF:0
BRH:0
end_of_record
TN:
SF:src/outputs.ts
FN:19,confidenceTag
FN:27,decisionBrief
FN:30,(anonymous_2)
FN:42,entityTimeline
FN:47,(anonymous_4)
FN:48,(anonymous_5)
FN:51,(anonymous_6)
FN:61,dependencyGraph
FN:67,(anonymous_8)
FN:69,(anonymous_9)
FN:72,(anonymous_10)
FN:93,contradictionReport
FN:96,(anonymous_12)
FN:116,meetingBrief
FN:121,(anonymous_14)
FN:123,(anonymous_15)
FN:124,(anonymous_16)
FN:127,(anonymous_17)
FN:134,(anonymous_18)
FN:138,(anonymous_19)
FN:142,(anonymous_20)
FN:146,(anonymous_21)
FNF:22
FNH:21
FNDA:6,confidenceTag
FNDA:1,decisionBrief
FNDA:1,(anonymous_2)
FNDA:1,entityTimeline
FNDA:3,(anonymous_4)
FNDA:3,(anonymous_5)
FNDA:3,(anonymous_6)
FNDA:1,dependencyGraph
FNDA:2,(anonymous_8)
FNDA:1,(anonymous_9)
FNDA:1,(anonymous_10)
FNDA:1,contradictionReport
FNDA:1,(anonymous_12)
FNDA:2,meetingBrief
FNDA:6,(anonymous_14)
FNDA:6,(anonymous_15)
FNDA:6,(anonymous_16)
FNDA:8,(anonymous_17)
FNDA:2,(anonymous_18)
FNDA:2,(anonymous_19)
FNDA:0,(anonymous_20)
FNDA:2,(anonymous_21)
DA:20,6
DA:28,1
DA:29,1
DA:30,1
DA:31,1
DA:32,1
DA:33,1
DA:35,1
DA:43,1
DA:44,1
DA:45,1
DA:47,3
DA:48,3
DA:49,1
DA:50,1
DA:51,3
DA:53,1
DA:62,1
DA:63,1
DA:64,1
DA:65,1
DA:67,2
DA:68,1
DA:70,1
DA:72,1
DA:73,1
DA:77,1
DA:94,1
DA:95,1
DA:96,1
DA:97,1
DA:98,1
DA:108,1
DA:117,2
DA:118,2
DA:119,2
DA:120,2
DA:121,6
DA:123,6
DA:124,6
DA:125,2
DA:127,2
DA:128,8
DA:129,2
DA:134,2
DA:138,2
DA:142,0
DA:147,2
LF:48
LH:47
BRDA:20,0,0,6
BRDA:20,0,1,0
BRDA:20,1,0,0
BRDA:20,1,1,0
BRDA:29,2,0,0
BRDA:29,2,1,1
BRDA:32,3,0,0
BRDA:32,3,1,1
BRDA:33,4,0,0
BRDA:33,4,1,1
BRDA:44,5,0,0
BRDA:44,5,1,1
BRDA:49,6,0,0
BRDA:49,6,1,1
BRDA:63,7,0,0
BRDA:63,7,1,1
BRDA:65,8,0,0
BRDA:65,8,1,1
BRDA:73,9,0,1
BRDA:73,9,1,0
BRDA:95,10,0,0
BRDA:95,10,1,1
BRDA:102,11,0,1
BRDA:102,11,1,0
BRDA:103,12,0,1
BRDA:103,12,1,0
BRDA:118,13,0,0
BRDA:118,13,1,2
BRDA:121,14,0,6
BRDA:121,14,1,6
BRDA:121,14,2,4
BRDA:124,15,0,6
BRDA:124,15,1,6
BRDA:128,16,0,6
BRDA:128,16,1,2
BRDA:131,17,0,0
BRDA:131,17,1,2
BRDA:147,18,0,2
BRDA:147,18,1,0
BRF:39
BRH:22
end_of_record
TN:
SF:src/chat/chat.ts
FN:44,constructor
FN:71,respond
FN:75,(anonymous_2)
FN:95,(anonymous_3)
FNF:4
FNH:3
FNDA:1,constructor
FNDA:1,respond
FNDA:0,(anonymous_2)
FNDA:2,(anonymous_3)
DA:16,1
DA:39,1
DA:41,1
DA:45,1
DA:46,1
DA:47,1
DA:49,1
DA:55,1
DA:62,1
DA:72,1
DA:75,0
DA:77,1
DA:78,1
DA:79,1
DA:82,1
DA:83,1
DA:88,1
DA:91,1
DA:93,1
DA:94,1
DA:95,1
DA:96,2
DA:97,1
DA:98,1
DA:100,1
DA:103,1
DA:109,4
DA:111,1
DA:112,1
DA:114,1
DA:120,1
DA:122,1
DA:129,1
DA:130,1
DA:131,1
DA:134,1
DA:135,1
DA:136,1
DA:141,1
DA:142,1
DA:146,1
DA:147,0
DA:150,1
DA:151,1
DA:152,1
DA:156,1
LF:46
LH:44
BRDA:78,0,0,1
BRDA:78,0,1,0
BRDA:83,1,0,1
BRDA:83,1,1,1
BRDA:96,2,0,1
BRDA:96,2,1,1
BRDA:109,3,0,1
BRDA:109,3,1,1
BRDA:109,3,2,1
BRDA:109,3,3,1
BRDA:130,4,0,1
BRDA:130,4,1,0
BRDA:142,5,0,0
BRDA:142,5,1,1
BRDA:146,6,0,0
BRDA:146,6,1,1
BRDA:151,7,0,1
BRDA:151,7,1,0
BRF:18
BRH:13
end_of_record
TN:
SF:src/chat/query-planner.ts
FN:57,classifyIntent
FNF:1
FNH:1
FNDA:18,classifyIntent
DA:22,6
DA:58,18
DA:59,97
DA:61,6
LF:4
LH:4
BRDA:59,0,0,12
BRDA:59,0,1,85
BRF:2
BRH:2
end_of_record
TN:
SF:src/chat/retrieval.ts
FN:30,hybridRank
FN:35,citationLocator
FN:63,buildContextPack
FN:82,(anonymous_3)
FN:83,(anonymous_4)
FN:88,(anonymous_5)
FN:90,(anonymous_6)
FN:92,(anonymous_7)
FN:97,(anonymous_8)
FN:97,(anonymous_9)
FN:101,(anonymous_10)
FN:106,(anonymous_11)
FN:107,(anonymous_12)
FN:109,(anonymous_13)
FN:109,(anonymous_14)
FN:110,(anonymous_15)
FN:114,(anonymous_16)
FN:116,(anonymous_17)
FN:116,(anonymous_18)
FN:122,(anonymous_19)
FN:124,(anonymous_20)
FN:129,(anonymous_21)
FN:154,(anonymous_22)
FN:163,(anonymous_23)
FN:166,(anonymous_24)
FN:167,(anonymous_25)
FN:168,(anonymous_26)
FN:182,(anonymous_27)
FN:188,(anonymous_28)
FN:198,(anonymous_29)
FN:209,(anonymous_30)
FN:212,(anonymous_31)
FN:218,(anonymous_32)
FNF:33
FNH:31
FNDA:30,hybridRank
FNDA:4,citationLocator
FNDA:10,buildContextPack
FNDA:5,(anonymous_3)
FNDA:4,(anonymous_4)
FNDA:4,(anonymous_5)
FNDA:17,(anonymous_6)
FNDA:0,(anonymous_7)
FNDA:4,(anonymous_8)
FNDA:4,(anonymous_9)
FNDA:5,(anonymous_10)
FNDA:8,(anonymous_11)
FNDA:8,(anonymous_12)
FNDA:8,(anonymous_13)
FNDA:8,(anonymous_14)
FNDA:10,(anonymous_15)
FNDA:1,(anonymous_16)
FNDA:1,(anonymous_17)
FNDA:1,(anonymous_18)
FNDA:12,(anonymous_19)
FNDA:0,(anonymous_20)
FNDA:19,(anonymous_21)
FNDA:12,(anonymous_22)
FNDA:1,(anonymous_23)
FNDA:3,(anonymous_24)
FNDA:3,(anonymous_25)
FNDA:1,(anonymous_26)
FNDA:1,(anonymous_27)
FNDA:12,(anonymous_28)
FNDA:4,(anonymous_29)
FNDA:1,(anonymous_30)
FNDA:1,(anonymous_31)
FNDA:1,(anonymous_32)
DA:31,30
DA:40,4
DA:41,4
DA:42,4
DA:43,0
DA:49,4
DA:69,10
DA:71,10
DA:72,10
DA:73,10
DA:78,10
DA:79,10
DA:82,10
DA:83,10
DA:87,10
DA:88,10
DA:89,4
DA:90,17
DA:92,10
DA:95,10
DA:97,4
DA:99,10
DA:101,5
DA:104,10
DA:106,8
DA:107,10
DA:108,10
DA:109,8
DA:110,10
DA:113,10
DA:114,10
DA:115,10
DA:116,1
DA:121,10
DA:122,10
DA:123,12
DA:124,4
DA:127,10
DA:128,10
DA:129,10
DA:130,19
DA:131,12
DA:132,12
DA:135,10
DA:136,10
DA:139,10
DA:140,8
DA:141,8
DA:148,10
DA:149,10
DA:151,10
DA:152,10
DA:154,10
DA:155,12
DA:157,10
DA:163,10
DA:164,10
DA:166,3
DA:167,3
DA:169,1
DA:170,1
DA:172,10
DA:175,10
DA:176,12
DA:177,12
DA:178,12
DA:179,12
DA:181,12
DA:182,2
DA:184,12
DA:185,12
DA:189,12
DA:190,12
DA:193,12
DA:196,12
DA:199,4
DA:204,12
DA:208,10
DA:209,1
DA:210,1
DA:212,1
DA:213,1
DA:214,1
DA:219,1
DA:227,10
DA:228,10
DA:229,10
DA:230,4
DA:231,4
DA:232,4
DA:235,4
DA:245,4
DA:246,4
DA:247,4
DA:249,10
DA:251,10
LF:96
LH:95
BRDA:41,0,0,0
BRDA:41,0,1,4
BRDA:42,1,0,0
BRDA:42,1,1,4
BRDA:44,2,0,0
BRDA:44,2,1,0
BRDA:44,3,0,0
BRDA:44,3,1,0
BRDA:49,4,0,0
BRDA:49,4,1,4
BRDA:67,5,0,10
BRDA:69,6,0,10
BRDA:69,6,1,10
BRDA:71,7,0,10
BRDA:71,7,1,10
BRDA:71,8,0,0
BRDA:71,8,1,10
BRDA:87,9,0,10
BRDA:87,9,1,0
BRDA:89,10,0,4
BRDA:89,10,1,4
BRDA:90,11,0,17
BRDA:90,11,1,16
BRDA:106,12,0,8
BRDA:106,12,1,8
BRDA:123,13,0,8
BRDA:123,13,1,4
BRDA:130,14,0,12
BRDA:130,14,1,7
BRDA:141,15,0,8
BRDA:141,15,1,0
BRDA:155,16,0,11
BRDA:155,16,1,1
BRDA:163,17,0,2
BRDA:163,17,1,8
BRDA:172,18,0,1
BRDA:172,18,1,9
BRDA:177,19,0,0
BRDA:177,19,1,12
BRDA:181,20,0,2
BRDA:181,20,1,10
BRDA:187,21,0,2
BRDA:187,21,1,10
BRDA:189,22,0,8
BRDA:189,22,1,4
BRDA:190,23,0,8
BRDA:190,23,1,4
BRDA:193,24,0,0
BRDA:193,24,1,12
BRDA:196,25,0,8
BRDA:196,25,1,4
BRDA:199,26,0,2
BRDA:199,26,1,2
BRDA:208,27,0,1
BRDA:208,27,1,9
BRDA:212,28,0,1
BRDA:212,28,1,1
BRDA:213,29,0,1
BRDA:213,29,1,0
BRDA:219,30,0,1
BRDA:219,30,1,0
BRDA:230,31,0,0
BRDA:230,31,1,4
BRDA:232,32,0,0
BRDA:232,32,1,4
BRDA:249,33,0,4
BRDA:249,33,1,6
BRDA:252,34,0,10
BRDA:252,34,1,0
BRF:69
BRH:52
end_of_record
TN:
SF:src/chat/tools.ts
FN:38,resolveEntity
FN:52,buildChatTools
FN:58,(anonymous_2)
FN:70,(anonymous_3)
FN:83,(anonymous_4)
FN:101,(anonymous_5)
FN:109,(anonymous_6)
FN:115,(anonymous_7)
FN:138,(anonymous_8)
FN:147,(anonymous_9)
FN:148,(anonymous_10)
FN:169,(anonymous_11)
FNF:12
FNH:7
FNDA:1,resolveEntity
FNDA:2,buildChatTools
FNDA:1,(anonymous_2)
FNDA:1,(anonymous_3)
FNDA:0,(anonymous_4)
FNDA:0,(anonymous_5)
FNDA:0,(anonymous_6)
FNDA:0,(anonymous_7)
FNDA:1,(anonymous_8)
FNDA:2,(anonymous_9)
FNDA:1,(anonymous_10)
FNDA:0,(anonymous_11)
DA:39,1
DA:57,2
DA:58,2
DA:59,1
DA:61,2
DA:63,2
DA:71,1
DA:72,1
DA:73,1
DA:84,0
DA:85,0
DA:86,0
DA:87,0
DA:88,0
DA:90,0
DA:91,0
DA:102,0
DA:103,0
DA:104,0
DA:105,0
DA:106,0
DA:110,0
DA:111,0
DA:112,0
DA:113,0
DA:116,0
DA:121,0
DA:139,1
DA:140,1
DA:141,1
DA:142,1
DA:144,2
DA:145,1
DA:147,2
DA:148,1
DA:149,1
DA:161,2
DA:162,0
DA:163,0
DA:170,0
DA:171,0
DA:173,0
DA:179,2
LF:43
LH:20
BRDA:39,0,0,1
BRDA:39,0,1,0
BRDA:55,1,0,2
BRDA:85,2,0,0
BRDA:85,2,1,0
BRDA:87,3,0,0
BRDA:87,3,1,0
BRDA:87,4,0,0
BRDA:87,4,1,0
BRDA:103,5,0,0
BRDA:103,5,1,0
BRDA:108,6,0,0
BRDA:108,6,1,0
BRDA:110,7,0,0
BRDA:110,7,1,0
BRDA:111,8,0,0
BRDA:111,8,1,0
BRDA:112,9,0,0
BRDA:112,9,1,0
BRDA:113,10,0,0
BRDA:113,10,1,0
BRDA:116,11,0,0
BRDA:116,11,1,0
BRDA:140,12,0,0
BRDA:140,12,1,1
BRDA:141,13,0,1
BRDA:141,13,1,0
BRDA:142,14,0,0
BRDA:142,14,1,1
BRDA:150,15,0,0
BRDA:150,15,1,1
BRDA:150,16,0,1
BRDA:150,16,1,0
BRDA:161,17,0,0
BRDA:161,17,1,2
BRDA:173,18,0,0
BRDA:173,18,1,0
BRF:37
BRH:8
end_of_record
TN:
SF:src/connectors/index.ts
FNF:0
FNH:0
LF:0
LH:0
BRF:0
BRH:0
end_of_record
TN:
SF:src/connectors/sync.ts
FN:33,ensureAccessToken
FN:56,(anonymous_1)
FN:60,rawPayload
FN:70,normalize
FN:87,(anonymous_4)
FN:93,(anonymous_5)
FN:105,syncConnector
FN:118,(anonymous_7)
FNF:8
FNH:0
FNDA:0,ensureAccessToken
FNDA:0,(anonymous_1)
FNDA:0,rawPayload
FNDA:0,normalize
FNDA:0,(anonymous_4)
FNDA:0,(anonymous_5)
FNDA:0,syncConnector
FNDA:0,(anonymous_7)
DA:37,0
DA:38,0
DA:39,0
DA:40,0
DA:42,0
DA:47,0
DA:53,0
DA:56,0
DA:57,0
DA:61,0
DA:71,0
DA:72,0
DA:73,0
DA:74,0
DA:75,0
DA:76,0
DA:77,0
DA:78,0
DA:79,0
DA:80,0
DA:81,0
DA:82,0
DA:83,0
DA:84,0
DA:85,0
DA:86,0
DA:87,0
DA:89,0
DA:90,0
DA:91,0
DA:92,0
DA:93,0
DA:94,0
DA:96,0
DA:110,0
DA:111,0
DA:112,0
DA:116,0
DA:118,0
DA:119,0
DA:120,0
DA:121,0
DA:122,0
DA:123,0
DA:126,0
DA:127,0
DA:129,0
DA:130,0
DA:133,0
DA:134,0
DA:138,0
DA:139,0
DA:140,0
DA:141,0
DA:142,0
DA:143,0
DA:147,0
DA:148,0
DA:149,0
DA:150,0
DA:151,0
DA:152,0
DA:158,0
DA:159,0
DA:160,0
DA:161,0
DA:162,0
DA:163,0
DA:164,0
DA:165,0
DA:166,0
DA:167,0
DA:169,0
DA:170,0
DA:171,0
DA:172,0
DA:179,0
DA:180,0
DA:189,0
DA:190,0
DA:200,0
DA:206,0
DA:210,0
DA:213,0
LF:84
LH:0
BRDA:37,0,0,0
BRDA:37,0,1,0
BRDA:38,1,0,0
BRDA:38,1,1,0
BRDA:38,2,0,0
BRDA:38,2,1,0
BRDA:39,3,0,0
BRDA:39,3,1,0
BRDA:39,4,0,0
BRDA:39,4,1,0
BRDA:39,4,2,0
BRDA:72,5,0,0
BRDA:72,5,1,0
BRDA:75,6,0,0
BRDA:75,6,1,0
BRDA:76,7,0,0
BRDA:76,7,1,0
BRDA:77,8,0,0
BRDA:77,8,1,0
BRDA:78,9,0,0
BRDA:78,9,1,0
BRDA:79,10,0,0
BRDA:79,10,1,0
BRDA:80,11,0,0
BRDA:80,11,1,0
BRDA:81,12,0,0
BRDA:81,12,1,0
BRDA:84,13,0,0
BRDA:84,13,1,0
BRDA:85,14,0,0
BRDA:85,14,1,0
BRDA:86,15,0,0
BRDA:86,15,1,0
BRDA:87,16,0,0
BRDA:87,16,1,0
BRDA:91,17,0,0
BRDA:91,17,1,0
BRDA:92,18,0,0
BRDA:92,18,1,0
BRDA:93,19,0,0
BRDA:93,19,1,0
BRDA:93,20,0,0
BRDA:93,20,1,0
BRDA:94,21,0,0
BRDA:94,21,1,0
BRDA:116,22,0,0
BRDA:116,22,1,0
BRDA:119,23,0,0
BRDA:119,23,1,0
BRDA:121,24,0,0
BRDA:121,24,1,0
BRDA:126,25,0,0
BRDA:126,25,1,0
BRDA:127,26,0,0
BRDA:127,26,1,0
BRDA:140,27,0,0
BRDA:140,27,1,0
BRDA:150,28,0,0
BRDA:150,28,1,0
BRDA:158,29,0,0
BRDA:158,29,1,0
BRDA:163,30,0,0
BRDA:163,30,1,0
BRDA:187,31,0,0
BRDA:187,31,1,0
BRDA:201,32,0,0
BRDA:201,32,1,0
BRDA:208,33,0,0
BRDA:208,33,1,0
BRF:69
BRH:0
end_of_record
TN:
SF:src/connectors/types.ts
FNF:0
FNH:0
DA:12,0
LF:1
LH:0
BRF:0
BRH:0
end_of_record
TN:
SF:src/connectors/google/calendar.ts
FN:29,normalize
FN:36,(anonymous_1)
FN:37,(anonymous_2)
FN:47,fetchCalendarDelta
FNF:4
FNH:0
FNDA:0,normalize
FNDA:0,(anonymous_1)
FNDA:0,(anonymous_2)
FNDA:0,fetchCalendarDelta
DA:6,0
DA:30,0
DA:36,0
DA:37,0
DA:51,0
DA:52,0
DA:56,0
DA:57,0
DA:58,0
DA:59,0
DA:63,0
DA:64,0
DA:66,0
DA:70,0
DA:71,0
DA:72,0
DA:74,0
DA:75,0
DA:78,0
DA:79,0
DA:80,0
DA:83,0
LF:22
LH:0
BRDA:32,0,0,0
BRDA:32,0,1,0
BRDA:33,1,0,0
BRDA:33,1,1,0
BRDA:33,1,2,0
BRDA:35,2,0,0
BRDA:35,2,1,0
BRDA:37,3,0,0
BRDA:37,3,1,0
BRDA:38,4,0,0
BRDA:38,4,1,0
BRDA:59,5,0,0
BRDA:59,5,1,0
BRDA:64,6,0,0
BRDA:64,6,1,0
BRDA:70,7,0,0
BRDA:70,7,1,0
BRDA:71,8,0,0
BRDA:71,8,1,0
BRDA:75,9,0,0
BRDA:75,9,1,0
BRDA:78,10,0,0
BRDA:78,10,1,0
BRDA:83,11,0,0
BRDA:83,11,1,0
BRF:25
BRH:0
end_of_record
TN:
SF:src/connectors/google/gmail.ts
FN:35,header
FN:36,(anonymous_1)
FN:40,parseAddress
FN:46,parseAddressList
FN:50,(anonymous_4)
FN:51,(anonymous_5)
FN:54,normalize
FN:69,getMessageMetadata
FN:98,fetchGmailDelta
FN:109,(anonymous_9)
FN:132,(anonymous_10)
FN:141,decodeBody
FN:159,searchThreadsText
FN:173,(anonymous_13)
FN:180,(anonymous_14)
FNF:15
FNH:0
FNDA:0,header
FNDA:0,(anonymous_1)
FNDA:0,parseAddress
FNDA:0,parseAddressList
FNDA:0,(anonymous_4)
FNDA:0,(anonymous_5)
FNDA:0,normalize
FNDA:0,getMessageMetadata
FNDA:0,fetchGmailDelta
FNDA:0,(anonymous_9)
FNDA:0,(anonymous_10)
FNDA:0,decodeBody
FNDA:0,searchThreadsText
FNDA:0,(anonymous_13)
FNDA:0,(anonymous_14)
DA:11,0
DA:36,0
DA:41,0
DA:42,0
DA:43,0
DA:47,0
DA:48,0
DA:50,0
DA:51,0
DA:55,0
DA:56,0
DA:57,0
DA:70,0
DA:71,0
DA:72,0
DA:76,0
DA:102,0
DA:104,0
DA:105,0
DA:106,0
DA:107,0
DA:108,0
DA:109,0
DA:110,0
DA:115,0
DA:116,0
DA:120,0
DA:121,0
DA:125,0
DA:126,0
DA:128,0
DA:129,0
DA:132,0
DA:133,0
DA:135,0
DA:136,0
DA:137,0
DA:142,0
DA:143,0
DA:144,0
DA:146,0
DA:147,0
DA:148,0
DA:150,0
DA:164,0
DA:165,0
DA:169,0
DA:170,0
DA:172,0
DA:174,0
DA:178,0
DA:179,0
DA:180,0
DA:181,0
DA:182,0
DA:185,0
DA:186,0
DA:188,0
DA:191,0
LF:59
LH:0
BRDA:36,0,0,0
BRDA:36,0,1,0
BRDA:42,1,0,0
BRDA:42,1,1,0
BRDA:42,2,0,0
BRDA:42,2,1,0
BRDA:47,3,0,0
BRDA:47,3,1,0
BRDA:56,4,0,0
BRDA:56,4,1,0
BRDA:60,5,0,0
BRDA:60,5,1,0
BRDA:64,6,0,0
BRDA:64,6,1,0
BRDA:105,7,0,0
BRDA:105,7,1,0
BRDA:107,8,0,0
BRDA:107,8,1,0
BRDA:110,9,0,0
BRDA:110,9,1,0
BRDA:120,10,0,0
BRDA:120,10,1,0
BRDA:125,11,0,0
BRDA:125,11,1,0
BRDA:126,12,0,0
BRDA:126,12,1,0
BRDA:128,13,0,0
BRDA:128,13,1,0
BRDA:133,14,0,0
BRDA:133,14,1,0
BRDA:135,15,0,0
BRDA:135,15,1,0
BRDA:142,16,0,0
BRDA:142,16,1,0
BRDA:143,17,0,0
BRDA:143,17,1,0
BRDA:143,18,0,0
BRDA:143,18,1,0
BRDA:146,19,0,0
BRDA:146,19,1,0
BRDA:148,20,0,0
BRDA:148,20,1,0
BRDA:162,21,0,0
BRDA:169,22,0,0
BRDA:169,22,1,0
BRDA:170,23,0,0
BRDA:170,23,1,0
BRDA:178,24,0,0
BRDA:178,24,1,0
BRDA:179,25,0,0
BRDA:179,25,1,0
BRDA:182,26,0,0
BRDA:182,26,1,0
BRDA:185,27,0,0
BRDA:185,27,1,0
BRDA:185,27,2,0
BRF:56
BRH:0
end_of_record
TN:
SF:src/connectors/google/http.ts
FN:3,constructor
FN:14,googleGet
FNF:2
FNH:0
FNDA:0,constructor
FNDA:0,googleGet
DA:4,0
DA:5,0
DA:15,0
DA:18,0
DA:19,0
DA:20,0
DA:24,0
LF:7
LH:0
BRDA:18,0,0,0
BRDA:18,0,1,0
BRDA:19,1,0,0
BRDA:19,1,1,0
BRF:4
BRH:0
end_of_record
TN:
SF:src/connectors/google/oauth.ts
FN:26,base64url
FN:31,createPkcePair
FN:39,buildAuthUrl
FN:60,tokensFromResponse
FN:77,exchangeCode
FN:103,refreshAccessToken
FN:126,revokeToken
FNF:7
FNH:0
FNDA:0,base64url
FNDA:0,createPkcePair
FNDA:0,buildAuthUrl
FNDA:0,tokensFromResponse
FNDA:0,exchangeCode
FNDA:0,refreshAccessToken
FNDA:0,revokeToken
DA:11,0
DA:12,0
DA:13,0
DA:15,0
DA:27,0
DA:32,0
DA:33,0
DA:34,0
DA:35,0
DA:45,0
DA:57,0
DA:67,0
DA:68,0
DA:84,0
DA:96,0
DA:97,0
DA:99,0
DA:108,0
DA:118,0
DA:119,0
DA:122,0
DA:127,0
DA:128,0
LF:23
LH:0
BRDA:67,0,0,0
BRDA:67,0,1,0
BRDA:70,1,0,0
BRDA:70,1,1,0
BRDA:72,2,0,0
BRDA:72,2,1,0
BRDA:96,3,0,0
BRDA:96,3,1,0
BRDA:118,4,0,0
BRDA:118,4,1,0
BRF:10
BRH:0
end_of_record
TN:
SF:src/connectors/google/people.ts
FN:42,formatBirthday
FN:50,normalize
FN:55,(anonymous_2)
FN:55,(anonymous_3)
FN:57,(anonymous_4)
FN:58,(anonymous_5)
FN:59,(anonymous_6)
FN:59,(anonymous_7)
FN:68,fetchSelf
FN:84,fetchContactsDelta
FNF:10
FNH:0
FNDA:0,formatBirthday
FNDA:0,normalize
FNDA:0,(anonymous_2)
FNDA:0,(anonymous_3)
FNDA:0,(anonymous_4)
FNDA:0,(anonymous_5)
FNDA:0,(anonymous_6)
FNDA:0,(anonymous_7)
FNDA:0,fetchSelf
FNDA:0,fetchContactsDelta
DA:6,0
DA:8,0
DA:43,0
DA:44,0
DA:45,0
DA:46,0
DA:47,0
DA:51,0
DA:52,0
DA:55,0
DA:57,0
DA:58,0
DA:59,0
DA:69,0
DA:73,0
DA:88,0
DA:89,0
DA:93,0
DA:94,0
DA:95,0
DA:100,0
DA:101,0
DA:103,0
DA:107,0
DA:108,0
DA:109,0
DA:111,0
DA:112,0
DA:115,0
DA:116,0
DA:117,0
DA:120,0
LF:32
LH:0
BRDA:44,0,0,0
BRDA:44,0,1,0
BRDA:44,1,0,0
BRDA:44,1,1,0
BRDA:44,1,2,0
BRDA:47,2,0,0
BRDA:47,2,1,0
BRDA:54,3,0,0
BRDA:54,3,1,0
BRDA:55,4,0,0
BRDA:55,4,1,0
BRDA:56,5,0,0
BRDA:56,5,1,0
BRDA:59,6,0,0
BRDA:59,6,1,0
BRDA:60,7,0,0
BRDA:60,7,1,0
BRDA:61,8,0,0
BRDA:61,8,1,0
BRDA:74,9,0,0
BRDA:74,9,1,0
BRDA:74,9,2,0
BRDA:75,10,0,0
BRDA:75,10,1,0
BRDA:100,11,0,0
BRDA:100,11,1,0
BRDA:101,12,0,0
BRDA:101,12,1,0
BRDA:107,13,0,0
BRDA:107,13,1,0
BRDA:108,14,0,0
BRDA:108,14,1,0
BRDA:112,15,0,0
BRDA:112,15,1,0
BRDA:115,16,0,0
BRDA:115,16,1,0
BRDA:120,17,0,0
BRDA:120,17,1,0
BRF:38
BRH:0
end_of_record
TN:
SF:src/connectors/map/calendar.ts
FN:12,mapCalendarEvent
FN:14,(anonymous_1)
FN:23,(anonymous_2)
FN:26,(anonymous_3)
FN:35,(anonymous_4)
FN:35,(anonymous_5)
FNF:6
FNH:6
FNDA:1,mapCalendarEvent
FNDA:2,(anonymous_1)
FNDA:2,(anonymous_2)
FNDA:2,(anonymous_3)
FNDA:2,(anonymous_4)
FNDA:1,(anonymous_5)
DA:14,1
DA:15,2
DA:16,2
DA:23,2
DA:24,1
DA:26,2
DA:30,1
DA:31,1
DA:32,1
DA:33,1
DA:34,2
DA:35,2
DA:36,1
DA:37,2
DA:49,1
DA:50,1
DA:51,2
DA:52,1
DA:56,1
LF:19
LH:19
BRDA:15,0,0,2
BRDA:15,0,1,1
BRDA:15,0,2,1
BRDA:17,1,0,1
BRDA:17,1,1,1
BRDA:17,2,0,1
BRDA:17,2,1,0
BRDA:31,3,0,1
BRDA:31,3,1,0
BRDA:32,4,0,1
BRDA:32,4,1,0
BRDA:34,5,0,1
BRDA:34,5,1,1
BRDA:36,6,0,1
BRDA:36,6,1,0
BRF:15
BRH:11
end_of_record
TN:
SF:src/connectors/map/contacts.ts
FN:11,mapContact
FNF:1
FNH:1
FNDA:7,mapContact
DA:12,7
DA:16,7
DA:17,7
DA:19,7
DA:20,7
DA:30,7
DA:31,6
DA:41,7
DA:42,6
DA:51,7
DA:52,2
DA:61,7
DA:62,0
DA:73,7
DA:74,7
DA:75,6
DA:78,7
DA:79,7
DA:80,6
DA:89,7
LF:20
LH:19
BRDA:41,0,0,6
BRDA:41,0,1,1
BRDA:51,1,0,2
BRDA:51,1,1,5
BRDA:61,2,0,0
BRDA:61,2,1,7
BRDA:74,3,0,6
BRDA:74,3,1,1
BRDA:79,4,0,6
BRDA:79,4,1,1
BRF:10
BRH:9
end_of_record
TN:
SF:src/connectors/map/gmail.ts
FN:11,mapGmailMessage
FN:13,(anonymous_1)
FN:16,(anonymous_2)
FN:17,(anonymous_3)
FN:18,(anonymous_4)
FN:27,(anonymous_5)
FN:30,(anonymous_6)
FNF:7
FNH:7
FNDA:1,mapGmailMessage
FNDA:2,(anonymous_1)
FNDA:2,(anonymous_2)
FNDA:1,(anonymous_3)
FNDA:1,(anonymous_4)
FNDA:1,(anonymous_5)
FNDA:1,(anonymous_6)
DA:12,1
DA:13,2
DA:16,2
DA:17,1
DA:18,1
DA:22,1
DA:24,1
DA:25,1
DA:27,1
DA:30,1
DA:41,1
DA:43,1
DA:44,1
DA:45,1
DA:46,1
DA:50,1
LF:16
LH:16
BRDA:13,0,0,2
BRDA:13,0,1,2
BRDA:16,1,0,2
BRDA:16,1,1,2
BRDA:19,2,0,1
BRDA:19,2,1,0
BRDA:22,3,0,0
BRDA:22,3,1,1
BRDA:24,4,0,1
BRDA:24,4,1,0
BRDA:25,5,0,1
BRDA:25,5,1,0
BRDA:43,6,0,1
BRDA:43,6,1,0
BRDA:44,7,0,1
BRDA:44,7,1,0
BRF:16
BRH:10
end_of_record
TN:
SF:src/connectors/map/helpers.ts
FN:12,personEntity
FN:30,observation
FN:51,nameFromEmail
FN:56,(anonymous_3)
FNF:4
FNH:2
FNDA:11,personEntity
FNDA:23,observation
FNDA:0,nameFromEmail
FNDA:0,(anonymous_3)
DA:17,11
DA:38,23
DA:52,0
DA:53,0
DA:56,0
DA:57,0
LF:6
LH:2
BRDA:20,0,0,11
BRDA:20,0,1,0
BRDA:21,1,0,11
BRDA:21,1,1,11
BRDA:43,2,0,23
BRDA:43,2,1,21
BRDA:46,3,0,23
BRDA:46,3,1,9
BRDA:52,4,0,0
BRDA:52,4,1,0
BRDA:57,5,0,0
BRDA:57,5,1,0
BRF:12
BRH:7
end_of_record
TN:
SF:src/db/database.ts
FN:709,openDatabase
FN:716,(anonymous_1)
FN:736,resetDatabase
FN:754,(anonymous_3)
FN:755,(anonymous_4)
FN:760,(anonymous_5)
FNF:6
FNH:6
FNDA:128,openDatabase
FNDA:2949,(anonymous_1)
FNDA:1,resetDatabase
FNDA:32,(anonymous_3)
FNDA:32,(anonymous_4)
FNDA:1,(anonymous_5)
DA:8,28
DA:710,128
DA:711,128
DA:712,128
DA:714,128
DA:715,128
DA:716,2949
DA:717,2949
DA:718,2949
DA:720,2949
DA:722,2949
DA:740,1
DA:741,1
DA:742,1
DA:747,1
DA:754,32
DA:755,32
DA:759,1
DA:760,1
DA:761,30
DA:762,1
DA:765,1
DA:766,0
DA:767,0
DA:770,1
DA:771,1
DA:773,1
LF:27
LH:25
BRDA:738,0,0,1
BRDA:741,1,0,1
BRDA:741,1,1,0
BRDA:742,2,0,1
BRDA:742,2,1,0
BRDA:765,3,0,0
BRDA:765,3,1,1
BRF:7
BRH:4
end_of_record
TN:
SF:src/embedding/embedder.ts
FN:77,constructor
FN:79,ensureWorker
FN:92,(anonymous_2)
FN:96,(anonymous_3)
FN:100,(anonymous_4)
FN:111,request
FN:114,(anonymous_6)
FN:120,embed
FN:126,(anonymous_8)
FN:138,embed_2
FN:139,(anonymous_10)
FN:158,createEmbedder
FNF:12
FNH:2
FNDA:0,constructor
FNDA:0,ensureWorker
FNDA:0,(anonymous_2)
FNDA:0,(anonymous_3)
FNDA:0,(anonymous_4)
FNDA:0,request
FNDA:0,(anonymous_6)
FNDA:0,embed
FNDA:0,(anonymous_8)
FNDA:93,embed_2
FNDA:117,(anonymous_10)
FNDA:0,createEmbedder
DA:18,17
DA:61,17
DA:69,0
DA:70,0
DA:71,0
DA:72,0
DA:77,0
DA:80,0
DA:81,0
DA:89,0
DA:90,0
DA:93,0
DA:94,0
DA:95,0
DA:96,0
DA:97,0
DA:100,0
DA:101,0
DA:102,0
DA:103,0
DA:104,0
DA:106,0
DA:108,0
DA:112,0
DA:113,0
DA:114,0
DA:115,0
DA:116,0
DA:121,0
DA:122,0
DA:123,0
DA:124,0
DA:125,0
DA:126,0
DA:127,0
DA:136,58
DA:139,93
DA:140,117
DA:141,117
DA:142,677
DA:143,677
DA:144,3339
DA:146,677
DA:147,677
DA:149,117
DA:150,14976
DA:151,117
DA:152,14976
DA:153,117
DA:159,0
LF:50
LH:16
BRDA:80,0,0,0
BRDA:80,0,1,0
BRDA:94,1,0,0
BRDA:94,1,1,0
BRDA:96,2,0,0
BRDA:96,2,1,0
BRDA:97,3,0,0
BRDA:97,3,1,0
BRDA:101,4,0,0
BRDA:101,4,1,0
BRDA:121,5,0,0
BRDA:121,5,1,0
BRDA:122,6,0,0
BRDA:122,6,1,0
BRDA:123,7,0,0
BRDA:123,7,1,0
BRDA:147,8,0,677
BRDA:147,8,1,0
BRDA:151,9,0,117
BRDA:151,9,1,0
BRDA:159,10,0,0
BRDA:159,10,1,0
BRF:22
BRH:2
end_of_record
TN:
SF:src/embedding/vectors.ts
FN:1,serializeVector
FN:5,deserializeVector
FN:10,cosineSimilarity
FN:22,reciprocalRankFusion
FN:25,(anonymous_4)
FN:29,(anonymous_5)
FN:29,(anonymous_6)
FN:32,topK
FN:44,(anonymous_8)
FNF:9
FNH:9
FNDA:96,serializeVector
FNDA:53,deserializeVector
FNDA:44,cosineSimilarity
FNDA:31,reciprocalRankFusion
FNDA:32,(anonymous_4)
FNDA:7,(anonymous_5)
FNDA:19,(anonymous_6)
FNDA:30,topK
FNDA:1,(anonymous_8)
DA:2,96
DA:6,53
DA:11,44
DA:12,5632
DA:13,44
DA:23,31
DA:24,31
DA:25,62
DA:26,32
DA:29,31
DA:38,30
DA:39,30
DA:40,13
DA:41,13
DA:42,13
DA:44,30
DA:45,30
LF:17
LH:17
BRDA:22,0,0,31
BRDA:26,1,0,32
BRDA:26,1,1,19
BRDA:41,2,0,0
BRDA:41,2,1,13
BRF:5
BRH:4
end_of_record
TN:
SF:src/extract/extractor.ts
FN:28,extractKnowledge
FNF:1
FNH:1
FNDA:38,extractKnowledge
DA:11,8
DA:35,38
LF:2
LH:2
BRDA:31,0,0,38
BRDA:33,1,0,38
BRF:2
BRH:2
end_of_record
TN:
SF:src/extract/image.ts
FN:17,readImage
FNF:1
FNH:1
FNDA:1,readImage
DA:3,5
DA:22,1
LF:2
LH:2
BRF:0
BRH:0
end_of_record
TN:
SF:src/extract/map-reduce.ts
FN:44,estimateTokens
FN:48,sha256
FN:57,schemaDocVersion
FN:60,profileVersion
FN:97,sectionsForMap
FN:99,(anonymous_5)
FN:123,extractKnowledgeMapReduce
FN:138,(anonymous_7)
FNF:8
FNH:8
FNDA:28,estimateTokens
FNDA:68,sha256
FNDA:28,schemaDocVersion
FNDA:28,profileVersion
FNDA:1,sectionsForMap
FNDA:12,(anonymous_5)
FNDA:28,extractKnowledgeMapReduce
FNDA:62,(anonymous_7)
DA:17,6
DA:25,6
DA:34,6
DA:41,6
DA:45,28
DA:49,68
DA:58,28
DA:61,28
DA:98,1
DA:99,1
DA:100,12
DA:104,12
DA:105,12
DA:128,28
DA:129,28
DA:130,28
DA:132,28
DA:138,62
DA:145,28
DA:146,27
DA:147,27
DA:148,27
DA:149,2
DA:151,25
DA:152,23
DA:153,23
DA:163,1
DA:164,28
DA:166,28
DA:167,28
DA:168,28
DA:169,28
DA:170,12
DA:171,12
DA:172,12
DA:173,0
DA:174,0
DA:175,0
DA:179,12
DA:185,12
DA:186,12
DA:187,12
DA:191,1
DA:192,1
LF:44
LH:41
BRDA:61,0,0,1
BRDA:61,0,1,27
BRDA:100,1,0,12
BRDA:100,1,1,0
BRDA:100,2,0,12
BRDA:100,2,1,12
BRDA:104,3,0,12
BRDA:104,3,1,0
BRDA:128,4,0,28
BRDA:128,4,1,28
BRDA:129,5,0,28
BRDA:129,5,1,5
BRDA:130,6,0,28
BRDA:130,6,1,28
BRDA:145,7,0,27
BRDA:145,7,1,1
BRDA:148,8,0,2
BRDA:148,8,1,25
BRDA:163,9,0,0
BRDA:163,9,1,1
BRDA:172,10,0,0
BRDA:172,10,1,12
BRF:22
BRH:18
end_of_record
TN:
SF:src/extract/reduce.ts
FN:29,reduceExtractions
FN:30,(anonymous_1)
FN:38,(anonymous_2)
FN:85,(anonymous_3)
FN:87,(anonymous_4)
FN:101,(anonymous_5)
FN:137,(anonymous_6)
FN:153,(anonymous_7)
FNF:8
FNH:8
FNDA:4,reduceExtractions
FNDA:100,(anonymous_1)
FNDA:8,(anonymous_2)
FNDA:11,(anonymous_3)
FNDA:5,(anonymous_4)
FNDA:8,(anonymous_5)
FNDA:5,(anonymous_6)
FNDA:1,(anonymous_7)
DA:30,100
DA:35,4
DA:36,4
DA:38,4
DA:39,8
DA:41,4
DA:42,18
DA:43,9
DA:46,9
DA:47,13
DA:48,13
DA:49,4
DA:50,4
DA:53,9
DA:54,5
DA:63,5
DA:66,4
DA:67,4
DA:68,0
DA:69,0
DA:73,9
DA:74,17
DA:75,17
DA:78,9
DA:79,17
DA:85,11
DA:87,5
DA:98,4
DA:99,4
DA:101,8
DA:103,4
DA:104,18
DA:105,9
DA:106,9
DA:107,9
DA:108,9
DA:109,5
DA:110,5
DA:111,5
DA:115,4
DA:116,4
DA:117,4
DA:118,4
DA:119,4
DA:120,0
DA:122,0
DA:125,4
DA:126,0
DA:128,4
DA:129,0
DA:131,4
DA:132,3
DA:137,5
DA:140,4
DA:141,4
DA:142,4
DA:143,18
DA:144,1
DA:145,1
DA:146,1
DA:147,1
DA:148,1
DA:149,1
DA:153,4
DA:155,4
LF:65
LH:59
BRDA:39,0,0,0
BRDA:39,0,1,8
BRDA:39,1,0,0
BRDA:39,1,1,8
BRDA:39,2,0,0
BRDA:39,2,1,8
BRDA:48,3,0,4
BRDA:48,3,1,9
BRDA:53,4,0,5
BRDA:53,4,1,4
BRDA:66,5,0,4
BRDA:66,5,1,0
BRDA:67,6,0,0
BRDA:67,6,1,4
BRDA:75,7,0,8
BRDA:75,7,1,9
BRDA:75,8,0,17
BRDA:75,8,1,17
BRDA:85,9,0,11
BRDA:85,9,1,0
BRDA:92,10,0,0
BRDA:92,10,1,5
BRDA:93,11,0,0
BRDA:93,11,1,5
BRDA:101,12,0,0
BRDA:101,12,1,8
BRDA:101,13,0,3
BRDA:101,13,1,5
BRDA:108,14,0,5
BRDA:108,14,1,4
BRDA:115,15,0,4
BRDA:115,15,1,0
BRDA:118,16,0,4
BRDA:118,16,1,0
BRDA:120,17,0,0
BRDA:120,17,1,0
BRDA:120,18,0,0
BRDA:120,18,1,0
BRDA:125,19,0,0
BRDA:125,19,1,4
BRDA:125,20,0,4
BRDA:125,20,1,0
BRDA:125,20,2,0
BRDA:128,21,0,0
BRDA:128,21,1,4
BRDA:128,22,0,4
BRDA:128,22,1,0
BRDA:128,22,2,0
BRDA:131,23,0,3
BRDA:131,23,1,1
BRDA:147,24,0,1
BRDA:147,24,1,0
BRF:52
BRH:30
end_of_record
TN:
SF:src/extract/schema.ts
FNF:0
FNH:0
DA:4,8
DA:15,8
DA:16,8
DA:24,8
DA:27,8
LF:5
LH:5
BRF:0
BRH:0
end_of_record
TN:
SF:src/ingest/chunk.ts
FN:28,estimateTokens
FN:41,chunkText
FN:43,(anonymous_2)
FN:47,paragraphBlocks
FN:94,chunkBlocks
FN:104,(anonymous_5)
FN:110,(anonymous_6)
FN:113,(anonymous_7)
FN:113,(anonymous_8)
FN:117,(anonymous_9)
FN:121,(anonymous_10)
FN:122,(anonymous_11)
FN:169,breaksSection
FN:176,dominantType
FNF:14
FNH:14
FNDA:56,estimateTokens
FNDA:1,chunkText
FNDA:1,(anonymous_2)
FNDA:1,paragraphBlocks
FNDA:32,chunkBlocks
FNDA:55,(anonymous_5)
FNDA:67,(anonymous_6)
FNDA:60,(anonymous_7)
FNDA:60,(anonymous_8)
FNDA:60,(anonymous_9)
FNDA:60,(anonymous_10)
FNDA:60,(anonymous_11)
FNDA:14,breaksSection
FNDA:55,dominantType
DA:29,56
DA:42,1
DA:43,1
DA:48,1
DA:49,1
DA:50,1
DA:51,1
DA:53,1
DA:54,2
DA:55,2
DA:57,1
DA:59,1
DA:60,3
DA:61,3
DA:62,3
DA:63,3
DA:64,3
DA:72,1
DA:95,32
DA:96,32
DA:97,32
DA:99,32
DA:101,32
DA:102,32
DA:104,32
DA:105,55
DA:106,45
DA:107,45
DA:110,32
DA:111,67
DA:112,55
DA:113,60
DA:114,55
DA:115,67
DA:117,60
DA:121,60
DA:122,60
DA:126,67
DA:127,67
DA:130,32
DA:131,52
DA:132,52
DA:137,52
DA:138,52
DA:140,52
DA:141,4
DA:142,4
DA:143,12
DA:144,12
DA:145,12
DA:146,12
DA:148,4
DA:151,48
DA:152,0
DA:155,0
DA:156,0
DA:157,0
DA:160,48
DA:161,48
DA:163,32
DA:165,32
DA:170,14
DA:171,14
DA:172,14
DA:177,55
DA:178,60
DA:179,55
DA:180,55
DA:181,55
DA:182,55
DA:183,55
DA:184,55
DA:187,55
LF:73
LH:69
BRDA:41,0,0,1
BRDA:61,1,0,0
BRDA:61,1,1,3
BRDA:94,2,0,32
BRDA:95,3,0,32
BRDA:95,3,1,27
BRDA:96,4,0,32
BRDA:96,4,1,28
BRDA:97,5,0,32
BRDA:97,5,1,30
BRDA:105,6,0,10
BRDA:105,6,1,45
BRDA:107,7,0,15
BRDA:107,7,1,30
BRDA:107,8,0,45
BRDA:107,8,1,43
BRDA:111,9,0,12
BRDA:111,9,1,55
BRDA:114,10,0,25
BRDA:114,10,1,30
BRDA:114,11,0,55
BRDA:114,11,1,53
BRDA:119,12,0,1
BRDA:119,12,1,54
BRDA:120,13,0,1
BRDA:120,13,1,54
BRDA:132,14,0,0
BRDA:132,14,1,52
BRDA:137,15,0,52
BRDA:137,15,1,42
BRDA:137,15,2,14
BRDA:138,16,0,19
BRDA:138,16,1,33
BRDA:140,17,0,4
BRDA:140,17,1,48
BRDA:151,18,0,0
BRDA:151,18,1,48
BRDA:151,19,0,48
BRDA:151,19,1,0
BRDA:152,20,0,0
BRDA:152,20,1,0
BRDA:157,21,0,0
BRDA:157,21,1,0
BRDA:161,22,0,5
BRDA:161,22,1,43
BRDA:170,23,0,14
BRDA:170,23,1,3
BRDA:171,24,0,14
BRDA:171,24,1,3
BRDA:178,25,0,60
BRDA:178,25,1,55
BRDA:182,26,0,55
BRDA:182,26,1,0
BRF:53
BRH:44
end_of_record
TN:
SF:src/ingest/parse.ts
FN:72,imageMediaType
FN:77,pushBlock
FN:86,blocksFromText
FN:103,(anonymous_3)
FN:103,(anonymous_4)
FN:134,(anonymous_5)
FN:155,parseCsv
FN:176,(anonymous_7)
FN:177,(anonymous_8)
FN:180,(anonymous_9)
FN:197,parseCsvRows
FN:246,parseJson
FN:258,(anonymous_12)
FN:280,(anonymous_13)
FN:297,itemKeys
FN:301,collectKeys
FN:307,renderJsonValue
FN:318,parseDocument
FN:352,(anonymous_18)
FN:385,blocksFromDocxHtml
FN:400,(anonymous_20)
FN:436,stripTags
FN:445,decodeHtml
FNF:23
FNH:18
FNDA:12,imageMediaType
FNDA:69,pushBlock
FNDA:34,blocksFromText
FNDA:58,(anonymous_3)
FNDA:27,(anonymous_4)
FNDA:44,(anonymous_5)
FNDA:2,parseCsv
FNDA:3,(anonymous_7)
FNDA:6,(anonymous_8)
FNDA:6,(anonymous_9)
FNDA:2,parseCsvRows
FNDA:3,parseJson
FNDA:6,(anonymous_12)
FNDA:2,(anonymous_13)
FNDA:4,itemKeys
FNDA:1,collectKeys
FNDA:4,renderJsonValue
FNDA:13,parseDocument
FNDA:0,(anonymous_18)
FNDA:0,blocksFromDocxHtml
FNDA:0,(anonymous_20)
FNDA:0,stripTags
FNDA:0,decodeHtml
DA:49,7
DA:51,7
DA:60,7
DA:73,12
DA:78,69
DA:87,34
DA:88,34
DA:93,34
DA:94,34
DA:95,34
DA:97,34
DA:98,24
DA:99,24
DA:101,34
DA:103,58
DA:105,34
DA:106,58
DA:107,58
DA:109,58
DA:110,58
DA:111,58
DA:113,58
DA:114,58
DA:115,15
DA:116,15
DA:118,15
DA:119,4
DA:121,15
DA:129,15
DA:130,15
DA:134,44
DA:135,43
DA:136,58
DA:137,58
DA:146,34
DA:156,2
DA:157,2
DA:159,2
DA:160,2
DA:161,2
DA:162,2
DA:163,2
DA:165,2
DA:166,2
DA:167,2
DA:174,2
DA:176,2
DA:177,6
DA:178,3
DA:179,3
DA:180,3
DA:181,6
DA:183,3
DA:190,3
DA:193,2
DA:198,2
DA:199,2
DA:200,2
DA:201,2
DA:202,2
DA:203,60
DA:204,60
DA:205,8
DA:206,1
DA:207,0
DA:208,0
DA:210,1
DA:213,7
DA:215,8
DA:217,52
DA:218,1
DA:219,51
DA:220,5
DA:221,5
DA:222,46
DA:223,5
DA:224,5
DA:225,5
DA:227,5
DA:228,5
DA:230,41
DA:233,2
DA:234,0
DA:235,0
DA:237,2
DA:248,3
DA:249,3
DA:251,1
DA:252,1
DA:255,2
DA:256,2
DA:257,2
DA:258,2
DA:259,6
DA:260,6
DA:267,6
DA:270,2
DA:271,1
DA:272,1
DA:280,1
DA:281,2
DA:283,1
DA:284,1
DA:285,1
DA:286,1
DA:287,1
DA:288,2
DA:291,0
DA:294,2
DA:298,4
DA:302,1
DA:303,4
DA:304,1
DA:308,4
DA:309,2
DA:322,13
DA:323,13
DA:325,13
DA:326,0
DA:327,0
DA:330,13
DA:331,0
DA:332,0
DA:335,13
DA:336,11
DA:337,11
DA:340,2
DA:341,0
DA:345,0
DA:347,0
DA:348,0
DA:349,0
DA:350,0
DA:351,0
DA:352,0
DA:353,0
DA:354,0
DA:355,0
DA:356,0
DA:364,0
DA:366,0
DA:369,2
DA:370,0
DA:373,0
DA:374,0
DA:377,2
DA:386,0
DA:387,0
DA:388,0
DA:389,0
DA:392,0
DA:394,0
DA:395,0
DA:396,0
DA:397,0
DA:398,0
DA:400,0
DA:401,0
DA:402,0
DA:403,0
DA:404,0
DA:406,0
DA:407,0
DA:415,0
DA:416,0
DA:417,0
DA:421,0
DA:422,0
DA:423,0
DA:430,0
DA:433,0
DA:438,0
DA:446,0
LF:173
LH:120
BRDA:107,0,0,0
BRDA:107,0,1,58
BRDA:114,1,0,15
BRDA:114,1,1,43
BRDA:114,2,0,58
BRDA:114,2,1,15
BRDA:118,3,0,15
BRDA:118,3,1,9
BRDA:135,4,0,43
BRDA:135,4,1,43
BRDA:136,5,0,0
BRDA:136,5,1,43
BRDA:136,6,0,1
BRDA:136,6,1,42
BRDA:157,7,0,0
BRDA:157,7,1,2
BRDA:177,8,0,6
BRDA:177,8,1,0
BRDA:181,9,0,6
BRDA:181,9,1,0
BRDA:204,10,0,8
BRDA:204,10,1,52
BRDA:205,11,0,1
BRDA:205,11,1,7
BRDA:206,12,0,0
BRDA:206,12,1,1
BRDA:217,13,0,1
BRDA:217,13,1,51
BRDA:219,14,0,5
BRDA:219,14,1,46
BRDA:222,15,0,5
BRDA:222,15,1,41
BRDA:222,16,0,46
BRDA:222,16,1,41
BRDA:223,17,0,0
BRDA:223,17,1,5
BRDA:223,18,0,5
BRDA:223,18,1,0
BRDA:227,19,0,5
BRDA:227,19,1,0
BRDA:227,20,0,5
BRDA:227,20,1,0
BRDA:233,21,0,0
BRDA:233,21,1,2
BRDA:233,22,0,2
BRDA:233,22,1,2
BRDA:235,23,0,0
BRDA:235,23,1,0
BRDA:235,24,0,0
BRDA:235,24,1,0
BRDA:270,25,0,1
BRDA:270,25,1,1
BRDA:274,26,0,1
BRDA:274,26,1,0
BRDA:283,27,0,1
BRDA:283,27,1,0
BRDA:283,28,0,1
BRDA:283,28,1,1
BRDA:298,29,0,4
BRDA:298,29,1,0
BRDA:298,30,0,4
BRDA:298,30,1,4
BRDA:298,30,2,4
BRDA:308,31,0,2
BRDA:308,31,1,2
BRDA:308,32,0,4
BRDA:308,32,1,4
BRDA:325,33,0,0
BRDA:325,33,1,13
BRDA:330,34,0,0
BRDA:330,34,1,13
BRDA:335,35,0,11
BRDA:335,35,1,2
BRDA:340,36,0,0
BRDA:340,36,1,2
BRDA:348,37,0,0
BRDA:348,37,1,0
BRDA:353,38,0,0
BRDA:353,38,1,0
BRDA:354,39,0,0
BRDA:354,39,1,0
BRDA:369,40,0,0
BRDA:369,40,1,2
BRDA:398,41,0,0
BRDA:398,41,1,0
BRDA:401,42,0,0
BRDA:401,42,1,0
BRDA:403,43,0,0
BRDA:403,43,1,0
BRDA:421,44,0,0
BRDA:421,44,1,0
BRDA:421,45,0,0
BRDA:421,45,1,0
BRDA:421,46,0,0
BRDA:421,46,1,0
BRF:95
BRH:55
end_of_record
TN:
SF:src/ingest/pipeline.ts
FN:54,constructor
FN:80,withMergeLock
FN:83,(anonymous_2)
FN:84,(anonymous_3)
FN:100,ingestExtraction
FN:127,(anonymous_5)
FN:179,materialize
FN:237,(anonymous_7)
FN:240,(anonymous_8)
FN:258,(anonymous_9)
FN:294,ingest
FN:363,(anonymous_11)
FN:369,(anonymous_12)
FN:428,extractAndMerge
FN:452,(anonymous_14)
FN:514,retryExtractionForSource
FNF:16
FNH:15
FNDA:22,constructor
FNDA:26,withMergeLock
FNDA:26,(anonymous_2)
FNDA:0,(anonymous_3)
FNDA:1,ingestExtraction
FNDA:1,(anonymous_5)
FNDA:5,materialize
FNDA:5,(anonymous_7)
FNDA:5,(anonymous_8)
FNDA:5,(anonymous_9)
FNDA:21,ingest
FNDA:20,(anonymous_11)
FNDA:20,(anonymous_12)
FNDA:22,extractAndMerge
FNDA:20,(anonymous_14)
FNDA:2,retryExtractionForSource
DA:52,22
DA:55,22
DA:81,26
DA:82,26
DA:83,26
DA:84,0
DA:86,26
DA:112,1
DA:113,1
DA:121,1
DA:127,1
DA:128,1
DA:136,1
DA:137,1
DA:138,1
DA:141,1
DA:145,1
DA:147,1
DA:148,1
DA:150,0
DA:153,1
DA:203,5
DA:204,5
DA:209,5
DA:210,1
DA:211,1
DA:212,1
DA:214,4
DA:226,5
DA:235,5
DA:236,5
DA:237,5
DA:238,5
DA:240,5
DA:257,5
DA:258,5
DA:259,5
DA:267,9
DA:270,5
DA:271,5
DA:274,5
DA:278,4
DA:280,4
DA:281,4
DA:283,0
DA:286,4
DA:289,1
DA:290,1
DA:295,21
DA:296,21
DA:297,21
DA:299,21
DA:300,21
DA:302,21
DA:303,12
DA:304,12
DA:307,1
DA:311,1
DA:313,11
DA:316,9
DA:318,21
DA:319,1
DA:324,1
DA:332,20
DA:333,21
DA:335,21
DA:336,3
DA:337,3
DA:338,3
DA:340,17
DA:349,20
DA:354,20
DA:361,20
DA:362,21
DA:363,21
DA:366,20
DA:367,20
DA:369,20
DA:388,20
DA:389,20
DA:399,2
DA:400,2
DA:406,2
DA:409,18
DA:411,0
DA:416,0
DA:434,22
DA:435,22
DA:437,22
DA:438,22
DA:439,22
DA:443,22
DA:451,20
DA:452,20
DA:453,20
DA:463,21
DA:466,20
DA:467,20
DA:468,20
DA:473,20
DA:474,1
DA:480,20
DA:484,20
DA:486,20
DA:487,1
DA:489,19
DA:492,20
DA:493,19
DA:503,20
DA:518,2
DA:519,2
DA:520,2
DA:521,2
DA:522,2
DA:523,2
LF:115
LH:110
BRDA:137,0,0,0
BRDA:137,0,1,1
BRDA:147,1,0,1
BRDA:147,1,1,0
BRDA:209,2,0,1
BRDA:209,2,1,4
BRDA:209,3,0,5
BRDA:209,3,1,1
BRDA:280,4,0,4
BRDA:280,4,1,0
BRDA:296,5,0,12
BRDA:296,5,1,9
BRDA:297,6,0,21
BRDA:297,6,1,21
BRDA:302,7,0,12
BRDA:302,7,1,9
BRDA:304,8,0,1
BRDA:304,8,1,11
BRDA:318,9,0,1
BRDA:318,9,1,20
BRDA:318,10,0,21
BRDA:318,10,1,20
BRDA:322,11,0,0
BRDA:322,11,1,1
BRDA:332,12,0,11
BRDA:332,12,1,9
BRDA:332,13,0,11
BRDA:332,13,1,1
BRDA:333,14,0,11
BRDA:333,14,1,9
BRDA:335,15,0,3
BRDA:335,15,1,17
BRDA:341,16,0,17
BRDA:341,16,1,10
BRDA:361,17,0,10
BRDA:361,17,1,10
BRDA:403,18,0,2
BRDA:403,18,1,0
BRDA:414,19,0,0
BRDA:414,19,1,0
BRDA:437,20,0,21
BRDA:437,20,1,1
BRDA:438,21,0,0
BRDA:438,21,1,22
BRDA:439,22,0,0
BRDA:439,22,1,22
BRDA:446,23,0,22
BRDA:446,23,1,22
BRDA:451,24,0,19
BRDA:451,24,1,1
BRDA:473,25,0,1
BRDA:473,25,1,19
BRDA:486,26,0,1
BRDA:486,26,1,19
BRDA:492,27,0,19
BRDA:492,27,1,1
BRDA:499,28,0,0
BRDA:499,28,1,19
BRDA:520,29,0,2
BRDA:520,29,1,0
BRDA:521,30,0,0
BRDA:521,30,1,2
BRDA:521,31,0,2
BRDA:521,31,1,2
BRDA:522,32,0,2
BRDA:522,32,1,0
BRF:66
BRH:53
end_of_record
TN:
SF:src/jobs/queue.ts
FN:54,constructor
FN:56,push
FN:78,drain
FN:91,(anonymous_3)
FN:94,(anonymous_4)
FN:106,pending
FN:111,active
FN:116,onIdle
FN:118,(anonymous_8)
FNF:9
FNH:8
FNDA:6,constructor
FNDA:21,push
FNDA:42,drain
FNDA:1,(anonymous_3)
FNDA:21,(anonymous_4)
FNDA:1,pending
FNDA:0,active
FNDA:6,onIdle
FNDA:4,(anonymous_8)
DA:8,1
DA:20,1
DA:46,6
DA:47,6
DA:48,6
DA:49,6
DA:50,6
DA:52,6
DA:54,6
DA:57,21
DA:58,21
DA:67,21
DA:68,21
DA:69,14
DA:70,14
DA:71,12
DA:72,7
DA:74,21
DA:75,21
DA:79,42
DA:80,43
DA:81,43
DA:82,5
DA:83,1
DA:84,38
DA:85,18
DA:87,21
DA:88,21
DA:89,21
DA:92,1
DA:95,21
DA:96,21
DA:97,21
DA:98,21
DA:99,21
DA:100,5
DA:107,1
DA:112,0
DA:117,6
DA:118,4
DA:123,1
LF:41
LH:40
BRDA:54,0,0,6
BRDA:60,1,0,21
BRDA:60,1,1,16
BRDA:61,2,0,21
BRDA:61,2,1,13
BRDA:70,3,0,2
BRDA:70,3,1,12
BRDA:71,4,0,5
BRDA:71,4,1,7
BRDA:71,5,0,12
BRDA:71,5,1,5
BRDA:79,6,0,42
BRDA:79,6,1,44
BRDA:81,7,0,5
BRDA:81,7,1,38
BRDA:82,8,0,4
BRDA:82,8,1,1
BRDA:84,9,0,18
BRDA:84,9,1,20
BRDA:97,10,0,1
BRDA:97,10,1,20
BRDA:99,11,0,5
BRDA:99,11,1,16
BRDA:99,12,0,21
BRDA:99,12,1,5
BRDA:117,13,0,2
BRDA:117,13,1,4
BRDA:117,14,0,6
BRDA:117,14,1,2
BRF:29
BRH:29
end_of_record
TN:
SF:src/knowledge/entity-resolution.ts
FN:35,tokens
FN:39,(anonymous_1)
FN:43,tokensMatch
FN:56,nominalSimilarity
FN:67,(anonymous_4)
FN:74,roleKeys
FN:92,findDuplicateEntities
FN:101,(anonymous_7)
FN:107,(anonymous_8)
FN:124,(anonymous_9)
FN:161,(anonymous_10)
FNF:11
FNH:10
FNDA:18,tokens
FNDA:32,(anonymous_1)
FNDA:20,tokensMatch
FNDA:9,nominalSimilarity
FNDA:20,(anonymous_4)
FNDA:13,roleKeys
FNDA:7,findDuplicateEntities
FNDA:16,(anonymous_7)
FNDA:6,(anonymous_8)
FNDA:7,(anonymous_9)
FNDA:0,(anonymous_10)
DA:33,1
DA:36,18
DA:39,32
DA:44,20
DA:45,18
DA:57,9
DA:58,9
DA:59,9
DA:60,9
DA:61,9
DA:62,9
DA:63,9
DA:64,9
DA:65,9
DA:66,9
DA:67,20
DA:69,9
DA:70,9
DA:75,13
DA:76,13
DA:77,12
DA:78,9
DA:80,3
DA:82,13
DA:93,7
DA:94,7
DA:95,21
DA:98,7
DA:100,7
DA:101,7
DA:102,16
DA:103,16
DA:104,16
DA:106,7
DA:107,7
DA:108,6
DA:109,6
DA:110,6
DA:113,7
DA:114,7
DA:115,12
DA:116,21
DA:117,10
DA:118,10
DA:119,10
DA:120,10
DA:121,9
DA:122,9
DA:124,9
DA:125,9
DA:129,9
DA:130,1
DA:131,1
DA:132,8
DA:133,2
DA:134,2
DA:136,6
DA:138,3
DA:139,2
DA:140,2
DA:145,3
DA:146,3
DA:147,3
DA:148,10
DA:161,7
LF:65
LH:65
BRDA:39,0,0,32
BRDA:39,0,1,29
BRDA:44,1,0,2
BRDA:44,1,1,18
BRDA:45,2,0,18
BRDA:45,2,1,15
BRDA:45,2,2,15
BRDA:59,3,0,0
BRDA:59,3,1,9
BRDA:60,4,0,0
BRDA:60,4,1,9
BRDA:60,5,0,9
BRDA:60,5,1,5
BRDA:61,6,0,0
BRDA:61,6,1,9
BRDA:61,7,0,9
BRDA:61,7,1,9
BRDA:64,8,0,0
BRDA:64,8,1,9
BRDA:64,9,0,9
BRDA:64,9,1,9
BRDA:67,10,0,4
BRDA:67,10,1,9
BRDA:70,11,0,9
BRDA:70,11,1,0
BRDA:77,12,0,9
BRDA:77,12,1,3
BRDA:77,13,0,12
BRDA:77,13,1,9
BRDA:78,14,0,3
BRDA:78,14,1,0
BRDA:79,15,0,3
BRDA:79,15,1,3
BRDA:95,16,0,21
BRDA:95,16,1,12
BRDA:103,17,0,13
BRDA:103,17,1,3
BRDA:109,18,0,6
BRDA:109,18,1,0
BRDA:119,19,0,6
BRDA:119,19,1,4
BRDA:120,20,0,1
BRDA:120,20,1,9
BRDA:129,21,0,1
BRDA:129,21,1,8
BRDA:132,22,0,2
BRDA:132,22,1,6
BRDA:132,23,0,8
BRDA:132,23,1,3
BRDA:138,24,0,2
BRDA:138,24,1,1
BRDA:141,25,0,0
BRDA:141,25,1,2
BRDA:146,26,0,0
BRDA:146,26,1,3
BRDA:147,27,0,1
BRDA:147,27,1,2
BRF:57
BRH:48
end_of_record
TN:
SF:src/knowledge/merge.ts
FN:14,locateQuote
FN:38,mergeExtraction
FN:60,(anonymous_2)
FN:119,(anonymous_3)
FN:121,(anonymous_4)
FN:132,(anonymous_5)
FNF:6
FNH:6
FNDA:38,locateQuote
FNDA:30,mergeExtraction
FNDA:156,(anonymous_2)
FNDA:46,(anonymous_3)
FNDA:46,(anonymous_4)
FNDA:29,(anonymous_5)
DA:11,9
DA:18,38
DA:19,8
DA:20,8
DA:21,8
DA:22,8
DA:52,30
DA:53,30
DA:58,30
DA:60,30
DA:61,156
DA:62,156
DA:66,42
DA:67,156
DA:68,42
DA:71,30
DA:72,42
DA:73,42
DA:79,32
DA:80,31
DA:85,32
DA:86,32
DA:88,41
DA:89,41
DA:90,31
DA:91,31
DA:94,41
DA:97,30
DA:98,11
DA:99,11
DA:100,11
DA:101,11
DA:108,11
DA:109,11
DA:110,11
DA:111,9
DA:112,9
DA:116,30
DA:117,30
DA:118,30
DA:119,46
DA:121,46
DA:122,30
DA:124,30
DA:125,46
DA:126,46
DA:127,46
DA:128,46
DA:130,46
DA:131,46
DA:132,29
DA:134,46
DA:135,8
DA:136,8
DA:138,38
DA:139,38
DA:162,38
DA:164,46
DA:167,46
DA:169,30
LF:60
LH:60
BRDA:18,0,0,30
BRDA:18,0,1,8
BRDA:18,1,0,38
BRDA:18,1,1,37
BRDA:20,2,0,0
BRDA:20,2,1,8
BRDA:22,3,0,7
BRDA:22,3,1,1
BRDA:62,4,0,114
BRDA:62,4,1,42
BRDA:66,5,0,42
BRDA:66,5,1,32
BRDA:67,6,0,10
BRDA:67,6,1,146
BRDA:73,7,0,32
BRDA:73,7,1,10
BRDA:79,8,0,1
BRDA:79,8,1,31
BRDA:83,9,0,31
BRDA:83,9,1,11
BRDA:90,10,0,31
BRDA:90,10,1,0
BRDA:90,11,0,31
BRDA:90,11,1,31
BRDA:100,12,0,0
BRDA:100,12,1,11
BRDA:100,13,0,11
BRDA:100,13,1,11
BRDA:100,13,2,11
BRDA:110,14,0,9
BRDA:110,14,1,2
BRDA:134,15,0,8
BRDA:134,15,1,38
BRDA:147,16,0,8
BRDA:147,16,1,30
BRDA:148,17,0,38
BRDA:148,17,1,37
BRDA:149,18,0,38
BRDA:149,18,1,37
BRF:39
BRH:36
end_of_record
TN:
SF:src/knowledge/schema-doc.ts
FN:68,sensitivityRank
FN:73,strongerSensitivity
FN:78,normalizeRelationshipLabel
FN:87,withSchema
FN:117,(anonymous_4)
FN:125,(anonymous_5)
FN:192,loadSchema
FN:202,ensureSchemaDoc
FNF:8
FNH:7
FNDA:76,sensitivityRank
FNDA:38,strongerSensitivity
FNDA:11,normalizeRelationshipLabel
FNDA:71,withSchema
FNDA:345,(anonymous_4)
FNDA:135,(anonymous_5)
FNDA:28,loadSchema
FNDA:0,ensureSchemaDoc
DA:13,15
DA:20,15
DA:50,15
DA:64,15
DA:69,76
DA:74,38
DA:79,11
DA:88,71
DA:91,15
DA:117,345
DA:125,135
DA:193,28
DA:194,28
DA:195,28
DA:197,28
DA:203,0
DA:204,0
DA:205,0
DA:206,0
LF:19
LH:15
BRDA:74,0,0,37
BRDA:74,0,1,1
BRDA:204,1,0,0
BRDA:204,1,1,0
BRF:4
BRH:2
end_of_record
TN:
SF:src/knowledge/store.ts
FN:39,toSubgraphNode
FN:486,effectiveDate
FN:490,slugify
FN:502,constructor
FN:506,createSource
FN:549,sourceVisibility
FN:577,setSourceVisibility
FN:600,sourceIdsWhere
FN:604,(anonymous_8)
FN:608,nonSearchableSourceIds
FN:613,nonAnswerableSourceIds
FN:617,getSourceTitle
FN:625,getSourceContent
FN:633,getSourceRawContent
FN:641,getSourceType
FN:655,addChunks
FN:663,(anonymous_16)
FN:664,(anonymous_17)
FN:686,chunkMetadata
FN:698,chunksForSource
FN:709,allChunks
FN:731,(anonymous_21)
FN:746,getSource
FN:757,findSourceByPath
FN:764,updateSourceContent
FN:773,clearChunksForSource
FN:785,markSourceGoneByPath
FN:797,sourcesUnderPath
FN:805,sourcesWithRelativePaths
FN:811,updateSourcePath
FN:816,sourcesForEntity
FN:839,createSourceRevision
FN:847,(anonymous_32)
FN:884,activeRevision
FN:896,latestRevision
FN:906,getRevision
FN:917,revisionsForSource
FN:933,getCachedExtraction
FN:962,putCachedExtraction
FN:994,extractionCacheForRevision
FN:1005,setRevisionStatus
FN:1016,markSourceGone
FN:1027,isObsolete
FN:1037,entityIdsWithStaleBackedFacts
FN:1049,(anonymous_44)
FN:1058,staleBackedObservations
FN:1078,staleBackingByEntity
FN:1088,(anonymous_47)
FN:1092,entityIdsBackedOnlyByRevision
FN:1099,(anonymous_49)
FN:1111,gcOrphanedRevisionBlobs
FN:1128,createInboxItem
FN:1142,upsertInboxItemForFile
FN:1163,updateInboxItem
FN:1174,listInbox
FN:1189,createIngestJob
FN:1222,getIngestJob
FN:1228,listIngestJobs
FN:1243,claimIngestJob
FN:1244,(anonymous_59)
FN:1274,setIngestJobStage
FN:1281,setIngestJobSource
FN:1291,completeIngestJob
FN:1292,(anonymous_63)
FN:1312,failIngestJob
FN:1313,(anonymous_65)
FN:1346,finishRun
FN:1368,recoverStaleIngestJobs
FN:1369,(anonymous_68)
FN:1397,retryIngestJob
FN:1412,ingestQueueDepths
FN:1429,(anonymous_71)
FN:1438,getIngestRuns
FN:1452,ingestQueueMetrics
FN:1485,(anonymous_74)
FN:1486,(anonymous_75)
FN:1505,ingestStageMetrics
FN:1528,(anonymous_77)
FN:1545,ingestRecoveryMetrics
FN:1568,ingestCostMetrics
FN:1584,(anonymous_80)
FN:1604,pruneCompletedIngestJobs
FN:1617,findEntityByName
FN:1632,createEntity
FN:1644,getEntity
FN:1648,getEntityBySlug
FN:1654,listEntities
FN:1658,staleEntities
FN:1669,mergeEntities
FN:1675,(anonymous_89)
FN:1733,dismissDuplicate
FN:1744,dismissedDuplicateKeys
FN:1749,(anonymous_92)
FN:1752,addAlias
FN:1758,aliasesFor
FN:1765,(anonymous_95)
FN:1768,setEntitySummary
FN:1774,markWikiStale
FN:1778,clearWikiStale
FN:1787,recordStaleSource
FN:1794,pendingStaleSources
FN:1799,(anonymous_101)
FN:1802,clearStaleSources
FN:1810,recordWikiCommit
FN:1816,(anonymous_104)
FN:1829,sourceChanges
FN:1847,createWikiRun
FN:1865,appendWikiRunEvent
FN:1877,finishWikiRun
FN:1884,listWikiRuns
FN:1890,getWikiRun
FN:1897,getWikiRunEvents
FN:1910,upsertRelationship
FN:1963,allRelationships
FN:1976,relationshipsFor
FN:1995,graphNeighbors
FN:1997,(anonymous_116)
FN:2013,(anonymous_117)
FN:2024,exploreSubgraph
FN:2057,(anonymous_119)
FN:2063,insertObservation
FN:2110,recordObservationSource
FN:2120,observationSourceCount
FN:2127,activeObservations
FN:2147,visibleObservations
FN:2150,(anonymous_125)
FN:2154,activeObservationVectors
FN:2160,(anonymous_127)
FN:2163,getObservation
FN:2177,markSuperseded
FN:2188,reverseSupersession
FN:2200,logAudit
FN:2205,recentAudit
FN:2213,createContradiction
FN:2220,unresolvedContradictions
FN:2250,getContradiction
FN:2282,resolveContradiction
FN:2285,(anonymous_137)
FN:2298,observationsByKind
FN:2329,promoteFacts
FN:2339,decayStaleConfidence
FN:2356,decayStaleConfidenceByKind
FN:2372,(anonymous_142)
FN:2387,expireObservationsByValidity
FN:2402,setMemoryTier
FN:2407,observationTierInputs
FN:2431,orphanEntities
FN:2451,recentSources
FN:2468,recentObservations
FN:2481,recentlySuperseded
FN:2495,saveDigest
FN:2504,latestDigest
FN:2512,createConversation
FN:2520,listConversations
FN:2529,setConversationTitle
FN:2533,conversationExists
FN:2537,addMessage
FN:2545,linkMessageSources
FN:2549,(anonymous_158)
FN:2555,listMessages
FN:2588,(anonymous_160)
FN:2592,recentUserMessages
FN:2609,reinforceObservation
FN:2634,upsertWikiPage
FN:2645,wikiPageBodies
FN:2655,wikiPageBody
FN:2666,setWikiQuality
FN:2671,lowQualityPages
FN:2687,allActiveObservationVectors
FN:2705,(anonymous_169)
FN:2718,allWikiPageVectors
FN:2733,(anonymous_171)
FN:2748,ftsSearch
FN:2752,(anonymous_173)
FN:2754,(anonymous_174)
FN:2758,(anonymous_175)
FN:2761,chunkFtsSearch
FN:2765,observationFtsSearch
FN:2769,wikiFtsSearch
FN:2775,getSetting
FN:2782,setSetting
FN:2793,listWatchedFolders
FN:2799,addWatchedFolder
FN:2807,removeWatchedFolder
FN:2821,fileNeedsIngest
FN:2834,fileContentUnchanged
FN:2841,recordIngestedFile
FN:2853,upsertConnectorAccount
FN:2893,getConnectorAccount
FN:2903,updateConnectorTokens
FN:2931,deleteConnectorAccount
FN:2935,getSyncState
FN:2944,listSyncState
FN:2953,setSyncState
FN:3000,connectorItemUnchanged
FN:3021,getConnectorItem
FN:3034,recordConnectorItem
FNF:197
FNH:175
FNDA:9,toSubgraphNode
FNDA:12,effectiveDate
FNDA:155,slugify
FNDA:126,constructor
FNDA:71,createSource
FNDA:7,sourceVisibility
FNDA:2,setSourceVisibility
FNDA:65,sourceIdsWhere
FNDA:3,(anonymous_8)
FNDA:10,nonSearchableSourceIds
FNDA:10,nonAnswerableSourceIds
FNDA:2,getSourceTitle
FNDA:2,getSourceContent
FNDA:3,getSourceRawContent
FNDA:33,getSourceType
FNDA:33,addChunks
FNDA:33,(anonymous_16)
FNDA:33,(anonymous_17)
FNDA:1,chunkMetadata
FNDA:10,chunksForSource
FNDA:11,allChunks
FNDA:6,(anonymous_21)
FNDA:12,getSource
FNDA:13,findSourceByPath
FNDA:4,updateSourceContent
FNDA:24,clearChunksForSource
FNDA:1,markSourceGoneByPath
FNDA:0,sourcesUnderPath
FNDA:0,sourcesWithRelativePaths
FNDA:0,updateSourcePath
FNDA:2,sourcesForEntity
FNDA:33,createSourceRevision
FNDA:33,(anonymous_32)
FNDA:3,activeRevision
FNDA:7,latestRevision
FNDA:28,getRevision
FNDA:7,revisionsForSource
FNDA:41,getCachedExtraction
FNDA:38,putCachedExtraction
FNDA:1,extractionCacheForRevision
FNDA:7,setRevisionStatus
FNDA:3,markSourceGone
FNDA:28,isObsolete
FNDA:26,entityIdsWithStaleBackedFacts
FNDA:5,(anonymous_44)
FNDA:6,staleBackedObservations
FNDA:0,staleBackingByEntity
FNDA:0,(anonymous_47)
FNDA:0,entityIdsBackedOnlyByRevision
FNDA:0,(anonymous_49)
FNDA:1,gcOrphanedRevisionBlobs
FNDA:22,createInboxItem
FNDA:0,upsertInboxItemForFile
FNDA:105,updateInboxItem
FNDA:7,listInbox
FNDA:26,createIngestJob
FNDA:33,getIngestJob
FNDA:0,listIngestJobs
FNDA:25,claimIngestJob
FNDA:25,(anonymous_59)
FNDA:1,setIngestJobStage
FNDA:0,setIngestJobSource
FNDA:5,completeIngestJob
FNDA:5,(anonymous_63)
FNDA:9,failIngestJob
FNDA:9,(anonymous_65)
FNDA:16,finishRun
FNDA:3,recoverStaleIngestJobs
FNDA:3,(anonymous_68)
FNDA:3,retryIngestJob
FNDA:1,ingestQueueDepths
FNDA:2,(anonymous_71)
FNDA:4,getIngestRuns
FNDA:1,ingestQueueMetrics
FNDA:1,(anonymous_74)
FNDA:1,(anonymous_75)
FNDA:1,ingestStageMetrics
FNDA:1,(anonymous_77)
FNDA:1,ingestRecoveryMetrics
FNDA:2,ingestCostMetrics
FNDA:2,(anonymous_80)
FNDA:1,pruneCompletedIngestJobs
FNDA:58,findEntityByName
FNDA:123,createEntity
FNDA:191,getEntity
FNDA:155,getEntityBySlug
FNDA:59,listEntities
FNDA:44,staleEntities
FNDA:3,mergeEntities
FNDA:1,(anonymous_89)
FNDA:1,dismissDuplicate
FNDA:7,dismissedDuplicateKeys
FNDA:1,(anonymous_92)
FNDA:31,addAlias
FNDA:4,aliasesFor
FNDA:0,(anonymous_95)
FNDA:28,setEntitySummary
FNDA:47,markWikiStale
FNDA:31,clearWikiStale
FNDA:32,recordStaleSource
FNDA:28,pendingStaleSources
FNDA:21,(anonymous_101)
FNDA:28,clearStaleSources
FNDA:0,recordWikiCommit
FNDA:0,(anonymous_104)
FNDA:0,sourceChanges
FNDA:1,createWikiRun
FNDA:3,appendWikiRunEvent
FNDA:1,finishWikiRun
FNDA:1,listWikiRuns
FNDA:0,getWikiRun
FNDA:1,getWikiRunEvents
FNDA:42,upsertRelationship
FNDA:0,allRelationships
FNDA:80,relationshipsFor
FNDA:11,graphNeighbors
FNDA:13,(anonymous_116)
FNDA:2,(anonymous_117)
FNDA:3,exploreSubgraph
FNDA:6,(anonymous_119)
FNDA:115,insertObservation
FNDA:68,recordObservationSource
FNDA:9,observationSourceCount
FNDA:77,activeObservations
FNDA:45,visibleObservations
FNDA:50,(anonymous_125)
FNDA:46,activeObservationVectors
FNDA:32,(anonymous_127)
FNDA:31,getObservation
FNDA:2,markSuperseded
FNDA:2,reverseSupersession
FNDA:15,logAudit
FNDA:5,recentAudit
FNDA:7,createContradiction
FNDA:7,unresolvedContradictions
FNDA:8,getContradiction
FNDA:2,resolveContradiction
FNDA:2,(anonymous_137)
FNDA:1,observationsByKind
FNDA:4,promoteFacts
FNDA:1,decayStaleConfidence
FNDA:4,decayStaleConfidenceByKind
FNDA:4,(anonymous_142)
FNDA:4,expireObservationsByValidity
FNDA:2,setMemoryTier
FNDA:4,observationTierInputs
FNDA:2,orphanEntities
FNDA:5,recentSources
FNDA:2,recentObservations
FNDA:2,recentlySuperseded
FNDA:2,saveDigest
FNDA:1,latestDigest
FNDA:3,createConversation
FNDA:1,listConversations
FNDA:1,setConversationTitle
FNDA:0,conversationExists
FNDA:4,addMessage
FNDA:1,linkMessageSources
FNDA:1,(anonymous_158)
FNDA:4,listMessages
FNDA:4,(anonymous_160)
FNDA:0,recentUserMessages
FNDA:10,reinforceObservation
FNDA:35,upsertWikiPage
FNDA:3,wikiPageBodies
FNDA:0,wikiPageBody
FNDA:2,setWikiQuality
FNDA:3,lowQualityPages
FNDA:10,allActiveObservationVectors
FNDA:8,(anonymous_169)
FNDA:18,allWikiPageVectors
FNDA:6,(anonymous_171)
FNDA:30,ftsSearch
FNDA:141,(anonymous_173)
FNDA:135,(anonymous_174)
FNDA:18,(anonymous_175)
FNDA:10,chunkFtsSearch
FNDA:10,observationFtsSearch
FNDA:10,wikiFtsSearch
FNDA:4,getSetting
FNDA:3,setSetting
FNDA:3,listWatchedFolders
FNDA:3,addWatchedFolder
FNDA:2,removeWatchedFolder
FNDA:3,fileNeedsIngest
FNDA:2,fileContentUnchanged
FNDA:3,recordIngestedFile
FNDA:7,upsertConnectorAccount
FNDA:8,getConnectorAccount
FNDA:0,updateConnectorTokens
FNDA:0,deleteConnectorAccount
FNDA:4,getSyncState
FNDA:0,listSyncState
FNDA:2,setSyncState
FNDA:5,connectorItemUnchanged
FNDA:4,getConnectorItem
FNDA:5,recordConnectorItem
DA:40,9
DA:218,28
DA:487,12
DA:491,155
DA:502,126
DA:523,71
DA:524,71
DA:545,71
DA:550,7
DA:565,7
DA:566,7
DA:578,2
DA:586,2
DA:587,2
DA:588,2
DA:589,12
DA:590,12
DA:591,2
DA:592,2
DA:595,2
DA:596,2
DA:601,65
DA:604,65
DA:609,10
DA:614,10
DA:618,2
DA:621,2
DA:626,2
DA:629,2
DA:634,3
DA:637,3
DA:642,33
DA:645,33
DA:656,33
DA:663,33
DA:664,33
DA:665,33
DA:682,33
DA:687,1
DA:699,10
DA:710,11
DA:731,11
DA:747,12
DA:758,13
DA:765,4
DA:774,24
DA:786,1
DA:787,1
DA:788,1
DA:789,1
DA:790,1
DA:798,0
DA:799,0
DA:806,0
DA:812,0
DA:817,2
DA:846,33
DA:847,33
DA:850,33
DA:855,33
DA:856,33
DA:862,33
DA:878,33
DA:880,33
DA:885,3
DA:897,7
DA:907,28
DA:918,7
DA:934,41
DA:948,41
DA:949,3
DA:950,3
DA:952,0
DA:968,38
DA:995,1
DA:1006,7
DA:1017,3
DA:1018,3
DA:1020,3
DA:1021,3
DA:1023,3
DA:1028,0
DA:1038,26
DA:1049,26
DA:1059,6
DA:1079,0
DA:1088,0
DA:1093,0
DA:1099,0
DA:1112,1
DA:1123,1
DA:1129,22
DA:1132,22
DA:1143,0
DA:1146,0
DA:1147,0
DA:1155,0
DA:1157,0
DA:1160,0
DA:1164,105
DA:1176,7
DA:1201,26
DA:1219,26
DA:1223,33
DA:1229,0
DA:1244,25
DA:1245,25
DA:1252,25
DA:1253,24
DA:1254,24
DA:1262,24
DA:1268,24
DA:1270,25
DA:1275,1
DA:1282,0
DA:1292,5
DA:1293,5
DA:1294,5
DA:1302,5
DA:1304,5
DA:1313,9
DA:1314,9
DA:1315,9
DA:1316,9
DA:1317,9
DA:1318,9
DA:1319,6
DA:1326,6
DA:1329,3
DA:1330,3
DA:1338,3
DA:1340,9
DA:1342,9
DA:1352,16
DA:1369,3
DA:1370,3
DA:1377,3
DA:1378,2
DA:1379,2
DA:1387,3
DA:1389,3
DA:1398,3
DA:1399,3
DA:1400,1
DA:1408,1
DA:1413,1
DA:1429,2
DA:1439,4
DA:1453,1
DA:1476,1
DA:1485,1
DA:1486,1
DA:1506,1
DA:1528,1
DA:1547,1
DA:1555,1
DA:1559,1
DA:1569,2
DA:1584,2
DA:1585,2
DA:1586,2
DA:1605,1
DA:1612,1
DA:1618,58
DA:1619,58
DA:1622,58
DA:1623,37
DA:1633,123
DA:1634,123
DA:1635,123
DA:1636,0
DA:1638,123
DA:1641,123
DA:1645,191
DA:1649,155
DA:1655,59
DA:1659,44
DA:1670,3
DA:1671,2
DA:1672,2
DA:1673,2
DA:1675,1
DA:1677,1
DA:1680,1
DA:1683,1
DA:1686,1
DA:1693,1
DA:1698,1
DA:1703,1
DA:1708,1
DA:1711,1
DA:1712,1
DA:1715,1
DA:1717,1
DA:1718,1
DA:1719,1
DA:1724,1
DA:1725,1
DA:1734,1
DA:1735,1
DA:1736,1
DA:1739,1
DA:1740,1
DA:1745,7
DA:1749,7
DA:1753,31
DA:1759,4
DA:1765,0
DA:1769,28
DA:1775,47
DA:1779,31
DA:1788,32
DA:1795,28
DA:1799,21
DA:1803,28
DA:1811,0
DA:1812,0
DA:1816,0
DA:1817,0
DA:1818,0
DA:1819,0
DA:1820,0
DA:1821,0
DA:1825,0
DA:1830,0
DA:1854,1
DA:1869,3
DA:1878,1
DA:1885,1
DA:1891,0
DA:1898,1
DA:1917,42
DA:1920,42
DA:1921,4
DA:1923,4
DA:1928,4
DA:1929,2
DA:1937,4
DA:1938,2
DA:1942,4
DA:1944,38
DA:1952,42
DA:1953,10
DA:1959,38
DA:1964,0
DA:1977,80
DA:1996,11
DA:1997,13
DA:1998,11
DA:2013,11
DA:2025,3
DA:2026,3
DA:2027,3
DA:2028,3
DA:2029,3
DA:2030,3
DA:2031,3
DA:2033,3
DA:2034,5
DA:2035,5
DA:2036,6
DA:2037,9
DA:2038,9
DA:2039,6
DA:2040,6
DA:2042,9
DA:2043,9
DA:2044,6
DA:2045,6
DA:2046,6
DA:2047,6
DA:2048,6
DA:2053,5
DA:2057,6
DA:2058,3
DA:2080,115
DA:2104,115
DA:2105,115
DA:2106,115
DA:2111,68
DA:2116,68
DA:2121,9
DA:2124,9
DA:2128,77
DA:2148,45
DA:2149,45
DA:2150,50
DA:2155,46
DA:2160,46
DA:2164,31
DA:2178,2
DA:2189,2
DA:2194,2
DA:2201,15
DA:2208,5
DA:2214,7
DA:2217,7
DA:2228,7
DA:2260,8
DA:2283,2
DA:2284,2
DA:2285,2
DA:2286,2
DA:2287,1
DA:2291,2
DA:2292,2
DA:2294,2
DA:2308,1
DA:2330,4
DA:2335,4
DA:2340,1
DA:2348,1
DA:2362,4
DA:2368,4
DA:2371,4
DA:2372,4
DA:2373,4
DA:2374,4
DA:2375,4
DA:2378,4
DA:2379,4
DA:2388,4
DA:2393,4
DA:2398,4
DA:2399,4
DA:2403,2
DA:2414,4
DA:2432,2
DA:2456,5
DA:2461,5
DA:2471,2
DA:2484,2
DA:2496,2
DA:2505,1
DA:2513,3
DA:2516,3
DA:2521,1
DA:2530,1
DA:2534,0
DA:2538,4
DA:2541,4
DA:2546,1
DA:2549,1
DA:2550,1
DA:2552,1
DA:2562,4
DA:2572,4
DA:2582,4
DA:2583,4
DA:2584,1
DA:2585,1
DA:2586,1
DA:2588,4
DA:2593,0
DA:2611,10
DA:2612,10
DA:2624,10
DA:2625,8
DA:2635,35
DA:2646,3
DA:2656,0
DA:2667,2
DA:2674,3
DA:2688,10
DA:2705,10
DA:2719,18
DA:2733,18
DA:2749,30
DA:2752,141
DA:2753,30
DA:2754,135
DA:2755,30
DA:2758,30
DA:2762,10
DA:2766,10
DA:2770,10
DA:2776,4
DA:2779,4
DA:2783,3
DA:2794,3
DA:2800,3
DA:2801,3
DA:2808,2
DA:2811,2
DA:2812,1
DA:2813,1
DA:2822,3
DA:2825,3
DA:2835,2
DA:2838,2
DA:2842,3
DA:2865,7
DA:2890,7
DA:2894,8
DA:2912,0
DA:2932,0
DA:2936,4
DA:2945,0
DA:2967,2
DA:2968,2
DA:2977,2
DA:3006,5
DA:3011,5
DA:3026,4
DA:3042,5
LF:405
LH:367
BRDA:487,0,0,12
BRDA:487,0,1,1
BRDA:492,1,0,155
BRDA:492,1,1,0
BRDA:534,2,0,71
BRDA:534,2,1,58
BRDA:535,3,0,71
BRDA:535,3,1,71
BRDA:537,4,0,71
BRDA:537,4,1,66
BRDA:538,5,0,70
BRDA:538,5,1,1
BRDA:539,6,0,70
BRDA:539,6,1,1
BRDA:540,7,0,69
BRDA:540,7,1,2
BRDA:541,8,0,57
BRDA:541,8,1,14
BRDA:542,9,0,58
BRDA:542,9,1,13
BRDA:543,10,0,71
BRDA:543,10,1,0
BRDA:565,11,0,0
BRDA:565,11,1,7
BRDA:590,12,0,2
BRDA:590,12,1,10
BRDA:592,13,0,1
BRDA:592,13,1,1
BRDA:595,14,0,0
BRDA:595,14,1,2
BRDA:629,15,0,2
BRDA:629,15,1,0
BRDA:637,16,0,3
BRDA:637,16,1,1
BRDA:670,17,0,26
BRDA:670,17,1,7
BRDA:671,18,0,33
BRDA:671,18,1,32
BRDA:672,19,0,33
BRDA:672,19,1,32
BRDA:673,20,0,33
BRDA:673,20,1,32
BRDA:674,21,0,33
BRDA:674,21,1,7
BRDA:675,22,0,33
BRDA:675,22,1,7
BRDA:676,23,0,33
BRDA:676,23,1,7
BRDA:677,24,0,33
BRDA:677,24,1,7
BRDA:678,25,0,33
BRDA:678,25,1,8
BRDA:769,26,0,4
BRDA:769,26,1,3
BRDA:787,27,0,0
BRDA:787,27,1,1
BRDA:798,28,0,0
BRDA:798,28,1,0
BRDA:846,29,0,33
BRDA:846,29,1,33
BRDA:850,30,0,33
BRDA:850,30,1,29
BRDA:855,31,0,33
BRDA:855,31,1,0
BRDA:873,32,0,33
BRDA:873,32,1,7
BRDA:874,33,0,33
BRDA:874,33,1,28
BRDA:875,34,0,33
BRDA:875,34,1,7
BRDA:948,35,0,38
BRDA:948,35,1,3
BRDA:966,36,0,38
BRDA:1018,37,0,0
BRDA:1018,37,1,3
BRDA:1020,38,0,3
BRDA:1020,38,1,0
BRDA:1020,39,0,3
BRDA:1020,39,1,0
BRDA:1028,40,0,0
BRDA:1028,40,1,0
BRDA:1028,40,2,0
BRDA:1131,41,0,22
BRDA:1131,41,1,22
BRDA:1146,42,0,0
BRDA:1146,42,1,0
BRDA:1171,43,0,105
BRDA:1171,43,1,81
BRDA:1171,44,0,105
BRDA:1171,44,1,63
BRDA:1174,45,0,7
BRDA:1210,46,0,26
BRDA:1210,46,1,25
BRDA:1211,47,0,25
BRDA:1211,47,1,1
BRDA:1212,48,0,26
BRDA:1212,48,1,26
BRDA:1213,49,0,26
BRDA:1213,49,1,26
BRDA:1214,50,0,26
BRDA:1214,50,1,25
BRDA:1215,51,0,26
BRDA:1215,51,1,25
BRDA:1216,52,0,26
BRDA:1216,52,1,19
BRDA:1217,53,0,26
BRDA:1217,53,1,22
BRDA:1228,54,0,0
BRDA:1252,55,0,1
BRDA:1252,55,1,24
BRDA:1287,56,0,0
BRDA:1287,56,1,0
BRDA:1291,57,0,5
BRDA:1302,58,0,5
BRDA:1302,58,1,0
BRDA:1312,59,0,9
BRDA:1315,60,0,0
BRDA:1315,60,1,9
BRDA:1317,61,0,6
BRDA:1317,61,1,3
BRDA:1318,62,0,6
BRDA:1318,62,1,3
BRDA:1358,63,0,16
BRDA:1358,63,1,5
BRDA:1368,64,0,3
BRDA:1399,65,0,2
BRDA:1399,65,1,1
BRDA:1399,66,0,3
BRDA:1399,66,1,2
BRDA:1399,66,2,2
BRDA:1431,67,0,2
BRDA:1431,67,1,0
BRDA:1432,68,0,2
BRDA:1432,68,1,0
BRDA:1433,69,0,2
BRDA:1433,69,1,0
BRDA:1434,70,0,2
BRDA:1434,70,1,0
BRDA:1485,71,0,1
BRDA:1485,71,1,0
BRDA:1488,72,0,1
BRDA:1488,72,1,0
BRDA:1489,73,0,1
BRDA:1489,73,1,0
BRDA:1490,74,0,1
BRDA:1490,74,1,0
BRDA:1491,75,0,1
BRDA:1491,75,1,0
BRDA:1492,76,0,1
BRDA:1492,76,1,0
BRDA:1493,77,0,1
BRDA:1493,77,1,0
BRDA:1494,78,0,1
BRDA:1494,78,1,0
BRDA:1495,79,0,1
BRDA:1495,79,1,0
BRDA:1530,80,0,1
BRDA:1530,80,1,0
BRDA:1531,81,0,1
BRDA:1531,81,1,0
BRDA:1532,82,0,1
BRDA:1532,82,1,0
BRDA:1533,83,0,1
BRDA:1533,83,1,0
BRDA:1534,84,0,1
BRDA:1534,84,1,0
BRDA:1535,85,0,1
BRDA:1535,85,1,0
BRDA:1585,86,0,2
BRDA:1585,86,1,1
BRDA:1593,87,0,1
BRDA:1593,87,1,1
BRDA:1622,88,0,21
BRDA:1622,88,1,37
BRDA:1640,89,0,123
BRDA:1640,89,1,98
BRDA:1670,90,0,1
BRDA:1670,90,1,2
BRDA:1673,91,0,1
BRDA:1673,91,1,1
BRDA:1673,92,0,2
BRDA:1673,92,1,1
BRDA:1734,93,0,0
BRDA:1734,93,1,1
BRDA:1735,94,0,0
BRDA:1735,94,1,1
BRDA:1819,95,0,0
BRDA:1819,95,1,0
BRDA:1859,96,0,1
BRDA:1859,96,1,1
BRDA:1873,97,0,3
BRDA:1873,97,1,1
BRDA:1884,98,0,1
BRDA:1920,99,0,4
BRDA:1920,99,1,38
BRDA:1921,100,0,4
BRDA:1921,100,1,0
BRDA:1928,101,0,2
BRDA:1928,101,1,2
BRDA:1937,102,0,2
BRDA:1937,102,1,2
BRDA:1949,103,0,38
BRDA:1949,103,1,28
BRDA:1949,104,0,42
BRDA:1949,104,1,29
BRDA:1952,105,0,10
BRDA:1952,105,1,32
BRDA:1995,106,0,11
BRDA:1996,107,0,0
BRDA:1996,107,1,11
BRDA:2024,108,0,3
BRDA:2024,109,0,3
BRDA:2026,110,0,0
BRDA:2026,110,1,3
BRDA:2033,111,0,3
BRDA:2033,111,1,5
BRDA:2038,112,0,6
BRDA:2038,112,1,3
BRDA:2042,113,0,5
BRDA:2042,113,1,4
BRDA:2043,114,0,6
BRDA:2043,114,1,3
BRDA:2043,115,0,9
BRDA:2043,115,1,6
BRDA:2046,116,0,6
BRDA:2046,116,1,0
BRDA:2057,117,0,6
BRDA:2057,117,1,6
BRDA:2091,118,0,115
BRDA:2091,118,1,59
BRDA:2092,119,0,115
BRDA:2092,119,1,24
BRDA:2093,120,0,54
BRDA:2093,120,1,61
BRDA:2094,121,0,115
BRDA:2094,121,1,54
BRDA:2095,122,0,115
BRDA:2095,122,1,107
BRDA:2096,123,0,115
BRDA:2096,123,1,114
BRDA:2097,124,0,115
BRDA:2097,124,1,114
BRDA:2098,125,0,115
BRDA:2098,125,1,92
BRDA:2099,126,0,115
BRDA:2099,126,1,114
BRDA:2100,127,0,115
BRDA:2100,127,1,76
BRDA:2101,128,0,115
BRDA:2101,128,1,77
BRDA:2102,129,0,115
BRDA:2102,129,1,80
BRDA:2105,130,0,56
BRDA:2105,130,1,59
BRDA:2150,131,0,50
BRDA:2150,131,1,49
BRDA:2150,132,0,49
BRDA:2150,132,1,28
BRDA:2201,133,0,15
BRDA:2201,133,1,0
BRDA:2206,134,0,5
BRDA:2216,135,0,7
BRDA:2216,135,1,3
BRDA:2284,136,0,0
BRDA:2284,136,1,2
BRDA:2286,137,0,1
BRDA:2286,137,1,1
BRDA:2329,138,0,4
BRDA:2339,139,0,1
BRDA:2339,140,0,1
BRDA:2339,141,0,1
BRDA:2359,142,0,4
BRDA:2360,143,0,4
BRDA:2374,144,0,4
BRDA:2374,144,1,0
BRDA:2456,145,0,3
BRDA:2456,145,1,2
BRDA:2458,146,0,1
BRDA:2458,146,1,1
BRDA:2515,147,0,3
BRDA:2515,147,1,3
BRDA:2584,148,0,1
BRDA:2584,148,1,1
BRDA:2588,149,0,4
BRDA:2588,149,1,3
BRDA:2611,150,0,0
BRDA:2611,150,1,10
BRDA:2614,151,0,5
BRDA:2614,151,1,5
BRDA:2624,152,0,8
BRDA:2624,152,1,2
BRDA:2641,153,0,8
BRDA:2641,153,1,27
BRDA:2672,154,0,3
BRDA:2753,155,0,0
BRDA:2753,155,1,30
BRDA:2753,156,0,30
BRDA:2753,156,1,30
BRDA:2761,157,0,10
BRDA:2765,158,0,10
BRDA:2769,159,0,10
BRDA:2779,160,0,3
BRDA:2779,160,1,1
BRDA:2811,161,0,1
BRDA:2811,161,1,1
BRDA:2825,162,0,3
BRDA:2825,162,1,2
BRDA:2825,162,2,1
BRDA:2838,163,0,2
BRDA:2838,163,1,2
BRDA:2848,164,0,3
BRDA:2848,164,1,2
BRDA:2882,165,0,7
BRDA:2882,165,1,7
BRDA:2883,166,0,7
BRDA:2883,166,1,0
BRDA:2884,167,0,7
BRDA:2884,167,1,0
BRDA:2885,168,0,7
BRDA:2885,168,1,7
BRDA:2886,169,0,7
BRDA:2886,169,1,7
BRDA:2887,170,0,7
BRDA:2887,170,1,0
BRDA:2888,171,0,7
BRDA:2888,171,1,0
BRDA:2924,172,0,0
BRDA:2924,172,1,0
BRDA:2925,173,0,0
BRDA:2925,173,1,0
BRDA:2926,174,0,0
BRDA:2926,174,1,0
BRDA:2969,175,0,1
BRDA:2969,175,1,1
BRDA:2969,176,0,1
BRDA:2969,176,1,0
BRDA:2970,177,0,2
BRDA:2970,177,1,1
BRDA:2970,177,2,0
BRDA:2971,178,0,1
BRDA:2971,178,1,1
BRDA:2971,179,0,1
BRDA:2971,179,1,0
BRDA:2971,180,0,1
BRDA:2971,180,1,1
BRDA:2973,181,0,0
BRDA:2973,181,1,2
BRDA:2973,182,0,0
BRDA:2973,182,1,0
BRDA:2973,183,0,2
BRDA:2973,183,1,2
BRDA:2975,184,0,1
BRDA:2975,184,1,1
BRDA:2975,185,0,1
BRDA:2975,185,1,0
BRDA:2975,186,0,1
BRDA:2975,186,1,1
BRDA:3011,187,0,5
BRDA:3011,187,1,3
BRDA:3053,188,0,5
BRDA:3053,188,1,2
BRF:361
BRH:290
end_of_record
TN:
SF:src/knowledge/visibility.ts
FN:63,defaultVisibilityForType
FNF:1
FNH:1
FNDA:71,defaultVisibilityForType
DA:33,28
DA:43,28
DA:50,28
DA:64,71
DA:66,12
DA:68,59
DA:70,2
DA:74,57
LF:8
LH:8
BRDA:64,0,0,12
BRDA:64,0,1,59
BRDA:68,1,0,2
BRDA:68,1,1,57
BRF:4
BRH:4
end_of_record
TN:
SF:src/llm/ai-sdk.ts
FN:43,constructor
FN:64,buildMessages
FN:79,mapMessage
FN:83,(anonymous_3)
FN:93,complete
FN:106,completeStructured
FN:121,stream
FN:141,runAgent
FN:145,(anonymous_8)
FN:177,streamAgent
FNF:10
FNH:2
FNDA:1,constructor
FNDA:0,buildMessages
FNDA:2,mapMessage
FNDA:0,(anonymous_3)
FNDA:0,complete
FNDA:0,completeStructured
FNDA:0,stream
FNDA:0,runAgent
FNDA:0,(anonymous_8)
FNDA:0,streamAgent
DA:22,2
DA:23,2
DA:33,2
DA:44,1
DA:45,1
DA:46,1
DA:48,1
DA:54,1
DA:56,1
DA:65,0
DA:66,0
DA:67,0
DA:73,0
DA:74,0
DA:76,0
DA:80,0
DA:81,0
DA:83,0
DA:84,0
DA:90,0
DA:94,0
DA:95,0
DA:100,0
DA:102,0
DA:107,0
DA:108,0
DA:115,0
DA:117,0
DA:125,0
DA:126,0
DA:131,0
DA:132,0
DA:133,0
DA:134,0
DA:137,0
DA:145,0
DA:146,0
DA:147,0
DA:152,0
DA:153,0
DA:162,0
DA:163,0
DA:164,0
DA:166,0
DA:168,0
DA:169,0
DA:171,0
DA:173,0
DA:182,0
DA:183,0
DA:191,0
DA:192,0
DA:193,0
DA:195,0
DA:200,0
DA:202,0
DA:207,0
DA:208,0
DA:211,0
LF:59
LH:9
BRDA:45,0,0,1
BRDA:46,1,0,1
BRDA:54,2,0,1
BRDA:66,3,0,0
BRDA:66,3,1,0
BRDA:70,4,0,0
BRDA:70,4,1,0
BRDA:80,5,0,0
BRDA:80,5,1,0
BRDA:84,6,0,0
BRDA:84,6,1,0
BRDA:98,7,0,0
BRDA:98,7,1,0
BRDA:113,8,0,0
BRDA:113,8,1,0
BRDA:129,9,0,0
BRDA:129,9,1,0
BRDA:132,10,0,0
BRDA:132,10,1,0
BRDA:132,11,0,0
BRDA:132,11,1,0
BRDA:133,12,0,0
BRDA:133,12,1,0
BRDA:159,13,0,0
BRDA:159,13,1,0
BRDA:160,14,0,0
BRDA:160,14,1,0
BRDA:163,15,0,0
BRDA:163,15,1,0
BRDA:163,16,0,0
BRDA:163,16,1,0
BRDA:164,17,0,0
BRDA:164,17,1,0
BRDA:166,18,0,0
BRDA:166,18,1,0
BRDA:168,19,0,0
BRDA:168,19,1,0
BRDA:189,20,0,0
BRDA:189,20,1,0
BRDA:192,21,0,0
BRDA:192,21,1,0
BRDA:192,22,0,0
BRDA:192,22,1,0
BRDA:193,23,0,0
BRDA:193,23,1,0
BRDA:200,24,0,0
BRDA:200,24,1,0
BRDA:207,25,0,0
BRDA:207,25,1,0
BRF:49
BRH:3
end_of_record
TN:
SF:src/llm/discover.ts
FN:23,listProviderModels
FN:46,discoverOpenAi
FN:52,(anonymous_2)
FN:53,(anonymous_3)
FN:59,isOpenAiChatModel
FN:66,discoverAnthropic
FN:72,(anonymous_6)
FN:72,(anonymous_7)
FN:75,discoverGoogle
FN:86,(anonymous_9)
FN:87,(anonymous_10)
FN:88,(anonymous_11)
FN:89,(anonymous_12)
FN:93,getJson
FN:95,(anonymous_14)
FN:109,dedupeSorted
FN:110,(anonymous_16)
FNF:17
FNH:0
FNDA:0,listProviderModels
FNDA:0,discoverOpenAi
FNDA:0,(anonymous_2)
FNDA:0,(anonymous_3)
FNDA:0,isOpenAiChatModel
FNDA:0,discoverAnthropic
FNDA:0,(anonymous_6)
FNDA:0,(anonymous_7)
FNDA:0,discoverGoogle
FNDA:0,(anonymous_9)
FNDA:0,(anonymous_10)
FNDA:0,(anonymous_11)
FNDA:0,(anonymous_12)
FNDA:0,getJson
FNDA:0,(anonymous_14)
FNDA:0,dedupeSorted
FNDA:0,(anonymous_16)
DA:14,2
DA:27,0
DA:28,0
DA:29,0
DA:31,0
DA:32,0
DA:33,0
DA:34,0
DA:36,0
DA:40,2
DA:47,0
DA:50,0
DA:51,0
DA:52,0
DA:53,0
DA:60,0
DA:61,0
DA:67,0
DA:71,0
DA:72,0
DA:76,0
DA:81,0
DA:85,0
DA:86,0
DA:87,0
DA:88,0
DA:89,0
DA:94,0
DA:95,0
DA:98,0
DA:100,0
DA:103,0
DA:105,0
DA:110,0
LF:34
LH:2
BRDA:28,0,0,0
BRDA:28,0,1,0
BRDA:33,1,0,0
BRDA:33,1,1,0
BRDA:36,2,0,0
BRDA:36,2,1,0
BRDA:50,3,0,0
BRDA:50,3,1,0
BRDA:60,4,0,0
BRDA:60,4,1,0
BRDA:71,5,0,0
BRDA:71,5,1,0
BRDA:81,6,0,0
BRDA:81,6,1,0
BRDA:93,7,0,0
BRDA:98,8,0,0
BRDA:98,8,1,0
BRDA:100,9,0,0
BRDA:100,9,1,0
BRDA:102,10,0,0
BRDA:102,10,1,0
BRF:21
BRH:0
end_of_record
TN:
SF:src/llm/errors.ts
FN:26,constructor
FN:61,contains
FN:62,(anonymous_2)
FN:66,providerLabel
FN:86,normalizeLlmError
FN:192,classifyApiError
FNF:6
FNH:6
FNDA:11,constructor
FNDA:8,contains
FNDA:51,(anonymous_2)
FNDA:11,providerLabel
FNDA:12,normalizeLlmError
FNDA:6,classifyApiError
DA:28,11
DA:29,11
DA:30,11
DA:33,11
DA:34,11
DA:39,3
DA:53,3
DA:62,51
DA:67,11
DA:69,3
DA:71,5
DA:73,2
DA:75,1
DA:77,0
DA:87,12
DA:89,11
DA:92,12
DA:93,1
DA:97,10
DA:98,1
DA:107,9
DA:108,1
DA:109,1
DA:118,8
DA:119,6
DA:120,6
DA:121,6
DA:122,6
DA:127,2
DA:128,12
DA:129,12
DA:141,1
DA:149,1
DA:150,0
DA:162,1
DA:173,0
DA:182,1
DA:199,6
DA:201,6
DA:202,2
DA:210,4
DA:211,2
DA:219,2
DA:220,1
DA:228,1
DA:229,0
DA:237,1
DA:238,0
DA:242,1
DA:243,1
DA:251,0
DA:252,0
DA:260,0
LF:53
LH:45
BRDA:67,0,0,3
BRDA:67,0,1,5
BRDA:67,0,2,2
BRDA:67,0,3,1
BRDA:67,0,4,0
BRDA:87,1,0,1
BRDA:87,1,1,11
BRDA:89,2,0,11
BRDA:89,2,1,0
BRDA:92,3,0,1
BRDA:92,3,1,11
BRDA:92,4,0,12
BRDA:92,4,1,1
BRDA:97,5,0,1
BRDA:97,5,1,9
BRDA:107,6,0,1
BRDA:107,6,1,8
BRDA:118,7,0,6
BRDA:118,7,1,2
BRDA:121,8,0,6
BRDA:121,8,1,4
BRDA:127,9,0,1
BRDA:127,9,1,1
BRDA:129,10,0,1
BRDA:129,10,1,11
BRDA:130,11,0,12
BRDA:130,11,1,1
BRDA:130,11,2,0
BRDA:142,12,0,1
BRDA:142,12,1,0
BRDA:149,13,0,0
BRDA:149,13,1,1
BRDA:149,14,0,1
BRDA:149,14,1,0
BRDA:149,14,2,0
BRDA:162,15,0,0
BRDA:162,15,1,1
BRDA:163,16,0,1
BRDA:163,16,1,0
BRDA:201,17,0,2
BRDA:201,17,1,4
BRDA:201,18,0,6
BRDA:201,18,1,4
BRDA:210,19,0,2
BRDA:210,19,1,2
BRDA:210,20,0,4
BRDA:210,20,1,4
BRDA:210,20,2,2
BRDA:210,20,3,3
BRDA:219,21,0,1
BRDA:219,21,1,1
BRDA:228,22,0,0
BRDA:228,22,1,1
BRDA:237,23,0,0
BRDA:237,23,1,1
BRDA:242,24,0,1
BRDA:242,24,1,0
BRDA:242,25,0,1
BRDA:242,25,1,1
BRDA:251,26,0,0
BRDA:251,26,1,0
BRDA:261,27,0,0
BRDA:261,27,1,0
BRF:63
BRH:47
end_of_record
TN:
SF:src/llm/index.ts
FN:30,normalizeLocalBaseUrl
FN:51,isReasoningModel
FN:60,reasoningOptions
FN:81,resolveModel
FN:111,createLlmClient
FN:187,extractionModelId
FNF:6
FNH:2
FNDA:9,normalizeLocalBaseUrl
FNDA:0,isReasoningModel
FNDA:0,reasoningOptions
FNDA:0,resolveModel
FNDA:1,createLlmClient
FNDA:0,extractionModelId
DA:11,2
DA:31,9
DA:32,9
DA:33,7
DA:37,2
DA:52,0
DA:53,0
DA:57,2
DA:61,0
DA:62,0
DA:64,0
DA:66,0
DA:68,0
DA:72,0
DA:86,0
DA:88,0
DA:90,0
DA:92,0
DA:94,0
DA:100,0
DA:112,1
DA:113,1
DA:117,1
DA:118,1
DA:119,1
DA:122,1
DA:126,1
DA:128,0
DA:129,0
DA:139,0
DA:140,0
DA:150,0
DA:151,0
DA:164,1
DA:169,1
DA:188,0
DA:189,0
DA:191,0
DA:193,0
DA:195,0
DA:197,0
DA:199,0
LF:42
LH:15
BRDA:32,0,0,2
BRDA:32,0,1,7
BRDA:33,1,0,3
BRDA:33,1,1,4
BRDA:52,2,0,0
BRDA:52,2,1,0
BRDA:53,3,0,0
BRDA:53,3,1,0
BRDA:61,4,0,0
BRDA:61,4,1,0
BRDA:62,5,0,0
BRDA:62,5,1,0
BRDA:62,5,2,0
BRDA:62,5,3,0
BRDA:86,6,0,0
BRDA:86,6,1,0
BRDA:86,6,2,0
BRDA:86,6,3,0
BRDA:86,6,4,0
BRDA:113,7,0,0
BRDA:113,7,1,1
BRDA:117,8,0,1
BRDA:117,8,1,1
BRDA:119,9,0,0
BRDA:119,9,1,1
BRDA:122,10,0,0
BRDA:122,10,1,1
BRDA:126,11,0,0
BRDA:126,11,1,0
BRDA:126,11,2,0
BRDA:126,11,3,1
BRDA:134,12,0,0
BRDA:134,12,1,0
BRDA:145,13,0,0
BRDA:145,13,1,0
BRDA:156,14,0,0
BRDA:156,14,1,0
BRDA:174,15,0,1
BRDA:174,15,1,1
BRDA:189,16,0,0
BRDA:189,16,1,0
BRDA:189,16,2,0
BRDA:189,16,3,0
BRDA:189,16,4,0
BRDA:197,17,0,0
BRDA:197,17,1,0
BRF:46
BRH:12
end_of_record
TN:
SF:src/llm/stub.ts
FN:39,constructor
FN:41,complete
FN:46,completeStructured
FN:57,stream
FN:65,runAgent
FN:71,streamAgent
FNF:6
FNH:5
FNDA:47,constructor
FNDA:3,complete
FNDA:46,completeStructured
FNDA:0,stream
FNDA:28,runAgent
FNDA:1,streamAgent
DA:37,47
DA:39,47
DA:42,3
DA:43,3
DA:47,46
DA:48,46
DA:49,46
DA:50,0
DA:54,44
DA:58,0
DA:59,0
DA:60,0
DA:61,0
DA:66,28
DA:67,28
DA:68,28
DA:72,1
DA:73,1
DA:74,1
DA:75,3
DA:78,3
DA:79,1
DA:80,1
DA:84,1
LF:24
LH:19
BRDA:39,0,0,47
BRDA:43,1,0,3
BRDA:43,1,1,0
BRDA:49,2,0,0
BRDA:49,2,1,46
BRDA:59,3,0,0
BRDA:59,3,1,0
BRDA:67,4,0,28
BRDA:67,4,1,4
BRDA:73,5,0,1
BRDA:73,5,1,0
BRDA:78,6,0,1
BRDA:78,6,1,2
BRDA:81,7,0,1
BRDA:81,7,1,0
BRF:15
BRH:9
end_of_record
TN:
SF:src/llm/switchable.ts
FN:18,constructor
FN:20,swap
FN:24,complete
FN:28,completeStructured
FN:32,stream
FN:36,runAgent
FN:40,streamAgent
FNF:7
FNH:0
FNDA:0,constructor
FNDA:0,swap
FNDA:0,complete
FNDA:0,completeStructured
FNDA:0,stream
FNDA:0,runAgent
FNDA:0,streamAgent
DA:18,0
DA:21,0
DA:25,0
DA:29,0
DA:33,0
DA:37,0
DA:41,0
LF:7
LH:0
BRF:0
BRH:0
end_of_record
TN:
SF:src/llm/types.ts
FN:99,contentToText
FN:102,(anonymous_1)
FN:103,(anonymous_2)
FNF:3
FNH:0
FNDA:0,contentToText
FNDA:0,(anonymous_1)
FNDA:0,(anonymous_2)
DA:100,0
DA:101,0
DA:102,0
DA:103,0
LF:4
LH:0
BRDA:100,0,0,0
BRDA:100,0,1,0
BRF:2
BRH:0
end_of_record
TN:
SF:src/memory/confidence.ts
FN:30,sourceQuality
FN:35,clampConfidence
FN:43,initialConfidence
FNF:3
FNH:3
FNDA:47,sourceQuality
FNDA:41,clampConfidence
FNDA:41,initialConfidence
DA:12,28
DA:13,28
DA:14,28
DA:15,28
DA:16,28
DA:17,28
DA:20,28
DA:31,47
DA:32,42
DA:36,41
DA:47,41
DA:48,41
LF:12
LH:12
BRDA:31,0,0,5
BRDA:31,0,1,42
BRDA:32,1,0,42
BRDA:32,1,1,14
BRDA:47,2,0,41
BRDA:47,2,1,0
BRF:6
BRH:5
end_of_record
TN:
SF:src/memory/consolidate.ts
FN:53,crystallizeChat
FN:65,(anonymous_1)
FN:83,runConsolidation
FN:136,(anonymous_3)
FN:140,(anonymous_4)
FN:145,(anonymous_5)
FN:151,(anonymous_6)
FN:158,(anonymous_7)
FNF:8
FNH:3
FNDA:0,crystallizeChat
FNDA:0,(anonymous_1)
FNDA:2,runConsolidation
FNDA:0,(anonymous_3)
FNDA:2,(anonymous_4)
FNDA:0,(anonymous_5)
FNDA:0,(anonymous_6)
FNDA:2,(anonymous_7)
DA:15,1
DA:61,0
DA:62,0
DA:63,0
DA:65,0
DA:66,0
DA:67,0
DA:68,0
DA:70,0
DA:71,0
DA:72,0
DA:73,0
DA:74,0
DA:97,2
DA:98,2
DA:99,2
DA:101,2
DA:107,2
DA:112,2
DA:113,2
DA:114,2
DA:115,2
DA:119,2
DA:120,2
DA:121,2
DA:122,2
DA:123,2
DA:125,2
DA:126,2
DA:136,0
DA:140,2
DA:145,0
DA:152,0
DA:158,2
DA:167,2
DA:168,2
DA:169,2
DA:171,2
LF:38
LH:23
BRDA:63,0,0,0
BRDA:63,0,1,0
BRDA:68,1,0,0
BRDA:68,1,1,0
BRDA:68,2,0,0
BRDA:68,2,1,0
BRDA:98,3,0,2
BRDA:98,3,1,2
BRDA:99,4,0,2
BRDA:99,4,1,2
BRDA:101,5,0,2
BRDA:101,5,1,2
BRDA:107,6,0,0
BRDA:107,6,1,2
BRDA:136,7,0,0
BRDA:136,7,1,2
BRDA:139,8,0,1
BRDA:139,8,1,1
BRDA:144,9,0,0
BRDA:144,9,1,2
BRDA:149,10,0,0
BRDA:149,10,1,2
BRDA:152,11,0,0
BRDA:152,11,1,0
BRDA:157,12,0,2
BRDA:157,12,1,0
BRDA:161,13,0,1
BRDA:161,13,1,1
BRF:28
BRH:15
end_of_record
TN:
SF:src/memory/contradictions.ts
FN:36,detectContradictions
FN:57,(anonymous_1)
FN:58,(anonymous_2)
FN:74,(anonymous_3)
FN:77,(anonymous_4)
FN:85,(anonymous_5)
FN:86,(anonymous_6)
FNF:7
FNH:7
FNDA:2,detectContradictions
FNDA:4,(anonymous_1)
FNDA:4,(anonymous_2)
FNDA:2,(anonymous_3)
FNDA:2,(anonymous_4)
FNDA:2,(anonymous_5)
FNDA:2,(anonymous_6)
DA:7,1
DA:18,1
DA:44,2
DA:45,2
DA:47,2
DA:48,2
DA:49,2
DA:50,2
DA:51,2
DA:52,2
DA:55,2
DA:56,2
DA:57,4
DA:58,4
DA:59,2
DA:61,2
DA:62,2
DA:74,2
DA:77,2
DA:83,2
DA:85,2
DA:86,2
DA:87,2
DA:88,2
DA:89,1
DA:90,1
DA:94,1
DA:96,1
DA:101,1
DA:102,1
DA:103,1
DA:106,2
DA:109,2
LF:33
LH:33
BRDA:40,0,0,2
BRDA:45,1,0,0
BRDA:45,1,1,2
BRDA:51,2,0,0
BRDA:51,2,1,2
BRDA:52,3,0,2
BRDA:52,3,1,2
BRDA:59,4,0,0
BRDA:59,4,1,2
BRDA:59,5,0,2
BRDA:59,5,1,2
BRDA:85,6,0,2
BRDA:85,6,1,2
BRDA:87,7,0,0
BRDA:87,7,1,2
BRDA:88,8,0,1
BRDA:88,8,1,1
BRDA:106,9,0,2
BRDA:106,9,1,0
BRF:19
BRH:14
end_of_record
TN:
SF:src/memory/crystallize.ts
FN:45,renderDigest
FN:46,(anonymous_1)
FN:47,(anonymous_2)
FN:64,crystallizeSession
FN:81,(anonymous_4)
FNF:5
FNH:5
FNDA:1,renderDigest
FNDA:4,(anonymous_1)
FNDA:3,(anonymous_2)
FNDA:2,crystallizeSession
FNDA:2,(anonymous_4)
DA:18,1
DA:33,1
DA:46,1
DA:47,4
DA:48,1
DA:73,2
DA:74,2
DA:75,2
DA:77,2
DA:78,2
DA:80,1
DA:81,2
DA:83,1
DA:93,1
DA:97,2
DA:99,1
DA:100,1
DA:103,2
DA:107,2
DA:108,1
DA:109,1
DA:111,1
LF:22
LH:22
BRDA:47,0,0,3
BRDA:47,0,1,1
BRDA:49,1,0,1
BRDA:49,1,1,0
BRDA:50,2,0,1
BRDA:50,2,1,0
BRDA:74,3,0,2
BRDA:74,3,1,2
BRDA:75,4,0,2
BRDA:75,4,1,2
BRDA:78,5,0,1
BRDA:78,5,1,1
BRDA:81,6,0,1
BRDA:81,6,1,1
BRDA:93,7,0,1
BRDA:93,7,1,0
BRDA:93,7,2,0
BRDA:93,7,3,0
BRDA:97,8,0,0
BRDA:97,8,1,2
BRDA:100,9,0,1
BRDA:100,9,1,0
BRF:22
BRH:15
end_of_record
TN:
SF:src/memory/memory-tiers.ts
FN:32,classifyMemoryTier
FN:54,reclassifyMemoryTiers
FNF:2
FNH:2
FNDA:47,classifyMemoryTier
FNDA:4,reclassifyMemoryTiers
DA:14,10
DA:22,10
DA:23,10
DA:26,10
DA:37,47
DA:38,46
DA:39,3
DA:40,43
DA:44,4
DA:46,39
DA:55,4
DA:56,4
DA:57,4
DA:62,4
DA:63,2
DA:64,2
DA:67,4
LF:17
LH:17
BRDA:37,0,0,1
BRDA:37,0,1,46
BRDA:38,1,0,3
BRDA:38,1,1,43
BRDA:38,2,0,46
BRDA:38,2,1,3
BRDA:40,3,0,4
BRDA:40,3,1,39
BRDA:41,4,0,43
BRDA:41,4,1,41
BRDA:41,4,2,38
BRDA:59,5,0,4
BRDA:59,5,1,2
BRDA:62,6,0,2
BRDA:62,6,1,2
BRF:15
BRH:15
end_of_record
TN:
SF:src/memory/privacy.ts
FN:36,containsSecret
FN:37,(anonymous_1)
FN:44,containsPII
FN:45,(anonymous_3)
FN:49,redactSecrets
FN:52,(anonymous_5)
FN:66,detectSensitivity
FNF:7
FNH:7
FNDA:43,containsSecret
FNDA:365,(anonymous_1)
FNDA:40,containsPII
FNDA:131,(anonymous_3)
FNDA:56,redactSecrets
FNDA:3,(anonymous_5)
FNDA:41,detectSensitivity
DA:9,10
DA:21,10
DA:28,10
DA:37,43
DA:38,365
DA:39,365
DA:45,131
DA:50,56
DA:51,56
DA:52,504
DA:54,3
DA:55,3
DA:58,56
DA:67,41
DA:68,39
DA:69,29
LF:16
LH:16
BRDA:55,0,0,1
BRDA:55,0,1,2
BRDA:67,1,0,2
BRDA:67,1,1,39
BRDA:68,2,0,10
BRDA:68,2,1,29
BRF:6
BRH:6
end_of_record
TN:
SF:src/memory/resolution.ts
FN:31,scoreSide
FN:43,proposeResolution
FN:50,(anonymous_2)
FN:105,applyResolution
FNF:4
FNH:4
FNDA:6,scoreSide
FNDA:3,proposeResolution
FNDA:6,(anonymous_2)
FNDA:3,applyResolution
DA:33,6
DA:34,6
DA:35,6
DA:36,6
DA:47,3
DA:48,3
DA:50,3
DA:51,6
DA:52,6
DA:53,6
DA:62,3
DA:63,3
DA:64,3
DA:66,3
DA:67,3
DA:68,3
DA:71,3
DA:72,1
DA:81,2
DA:82,3
DA:83,3
DA:84,3
DA:85,3
DA:92,3
DA:110,3
DA:111,3
DA:112,2
DA:113,2
DA:114,1
DA:118,1
DA:119,0
DA:124,1
DA:126,2
DA:127,2
LF:34
LH:33
BRDA:48,0,0,0
BRDA:48,0,1,3
BRDA:48,1,0,3
BRDA:48,1,1,3
BRDA:52,2,0,0
BRDA:52,2,1,6
BRDA:55,3,0,6
BRDA:55,3,1,0
BRDA:57,4,0,2
BRDA:57,4,1,4
BRDA:64,5,0,0
BRDA:64,5,1,3
BRDA:64,6,0,3
BRDA:64,6,1,3
BRDA:71,7,0,1
BRDA:71,7,1,2
BRDA:81,8,0,0
BRDA:81,8,1,2
BRDA:82,9,0,0
BRDA:82,9,1,2
BRDA:86,10,0,2
BRDA:86,10,1,0
BRDA:87,11,0,0
BRDA:87,11,1,2
BRDA:88,12,0,2
BRDA:88,12,1,0
BRDA:89,13,0,0
BRDA:89,13,1,2
BRDA:94,14,0,0
BRDA:94,14,1,2
BRDA:95,15,0,3
BRDA:95,15,1,0
BRDA:111,16,0,1
BRDA:111,16,1,2
BRDA:111,17,0,3
BRDA:111,17,1,3
BRDA:113,18,0,1
BRDA:113,18,1,1
BRDA:118,19,0,0
BRDA:118,19,1,1
BRF:40
BRH:27
end_of_record
TN:
SF:src/memory/retention.ts
FN:24,runRetention
FNF:1
FNH:1
FNDA:3,runRetention
DA:25,3
DA:26,3
DA:31,3
DA:32,3
DA:33,3
LF:5
LH:5
BRF:0
BRH:0
end_of_record
TN:
SF:src/memory/supersession.ts
FN:10,expireStaleValidity
FNF:1
FNH:1
FNDA:4,expireStaleValidity
DA:11,4
DA:12,4
LF:2
LH:2
BRDA:10,0,0,4
BRF:1
BRH:1
end_of_record
TN:
SF:src/memory/temporal.ts
FN:37,staleAfterDays
FN:52,ageInDays
FN:59,effectiveDateOf
FN:64,isUpcoming
FN:73,isStale
FN:79,formatAge
FN:96,temporalTag
FNF:7
FNH:7
FNDA:27,staleAfterDays
FNDA:24,ageInDays
FNDA:15,effectiveDateOf
FNDA:39,isUpcoming
FNDA:22,isStale
FNDA:6,formatAge
FNDA:16,temporalTag
DA:16,10
DA:19,10
DA:35,10
DA:38,27
DA:39,26
DA:53,24
DA:54,24
DA:55,23
DA:60,15
DA:65,39
DA:74,22
DA:75,21
DA:80,6
DA:81,5
DA:82,4
DA:83,3
DA:84,1
DA:97,16
DA:98,1
DA:100,15
DA:101,15
DA:102,1
DA:104,15
DA:105,1
DA:107,15
LF:25
LH:25
BRDA:38,0,0,1
BRDA:38,0,1,26
BRDA:39,1,0,26
BRDA:39,1,1,1
BRDA:52,2,0,24
BRDA:54,3,0,1
BRDA:54,3,1,23
BRDA:60,4,0,15
BRDA:60,4,1,12
BRDA:64,5,0,39
BRDA:65,6,0,39
BRDA:65,6,1,9
BRDA:73,7,0,22
BRDA:74,8,0,1
BRDA:74,8,1,21
BRDA:80,9,0,1
BRDA:80,9,1,5
BRDA:81,10,0,1
BRDA:81,10,1,4
BRDA:82,11,0,1
BRDA:82,11,1,3
BRDA:83,12,0,2
BRDA:83,12,1,1
BRDA:96,13,0,16
BRDA:97,14,0,1
BRDA:97,14,1,15
BRDA:101,15,0,1
BRDA:101,15,1,14
BRDA:104,16,0,1
BRDA:104,16,1,14
BRDA:104,17,0,15
BRDA:104,17,1,1
BRF:32
BRH:32
end_of_record
TN:
SF:src/profile/profile-assistant.ts
FN:39,toProfile
FN:48,renderCurrentProfile
FN:49,(anonymous_2)
FN:76,draftProfileFromContext
FN:83,(anonymous_4)
FN:115,draftProfileFromKnowledge
FN:153,editProfileWithInstruction
FNF:7
FNH:7
FNDA:3,toProfile
FNDA:3,renderCurrentProfile
FNDA:12,(anonymous_2)
FNDA:1,draftProfileFromContext
FNDA:1,(anonymous_4)
FNDA:1,draftProfileFromKnowledge
FNDA:1,editProfileWithInstruction
DA:14,1
DA:32,1
DA:40,3
DA:41,3
DA:42,12
DA:44,3
DA:49,3
DA:50,12
DA:51,12
DA:53,3
DA:56,1
DA:82,1
DA:83,1
DA:85,1
DA:105,1
DA:121,1
DA:123,1
DA:144,1
DA:159,1
DA:161,1
DA:184,1
LF:21
LH:21
BRDA:42,0,0,12
BRDA:42,0,1,0
BRDA:51,1,0,12
BRDA:51,1,1,12
BRDA:99,2,0,1
BRDA:99,2,1,0
BRDA:138,3,0,1
BRDA:138,3,1,0
BRDA:173,4,0,0
BRDA:173,4,1,1
BRF:10
BRH:6
end_of_record
TN:
SF:src/profile/profile-doc.ts
FN:70,(anonymous_0)
FN:75,(anonymous_1)
FN:78,profileSection
FN:82,profileFilePath
FN:87,loadProfileSection
FN:98,loadProfile
FN:111,saveProfileSection
FN:124,(anonymous_7)
FN:141,historyDir
FN:146,snapshotVersion
FN:161,listProfileHistory
FN:165,(anonymous_11)
FN:170,(anonymous_12)
FN:171,(anonymous_13)
FN:172,(anonymous_14)
FN:181,readProfileVersion
FN:199,composeProfileContext
FN:209,loadProfileContext
FN:219,withProfile
FN:240,ensureProfileDocs
FN:256,ensureProfilePrivacy
FNF:21
FNH:20
FNDA:60,(anonymous_0)
FNDA:60,(anonymous_1)
FNDA:0,profileSection
FNDA:141,profileFilePath
FNDA:136,loadProfileSection
FNDA:34,loadProfile
FNDA:5,saveProfileSection
FNDA:5,(anonymous_7)
FNDA:6,historyDir
FNDA:2,snapshotVersion
FNDA:2,listProfileHistory
FNDA:3,(anonymous_11)
FNDA:3,(anonymous_12)
FNDA:1,(anonymous_13)
FNDA:3,(anonymous_14)
FNDA:3,readProfileVersion
FNDA:30,composeProfileContext
FNDA:29,loadProfileContext
FNDA:72,withProfile
FNDA:1,ensureProfileDocs
FNDA:1,ensureProfilePrivacy
DA:17,15
DA:20,15
DA:36,15
DA:70,60
DA:75,60
DA:79,0
DA:83,141
DA:88,136
DA:89,136
DA:90,136
DA:91,136
DA:93,129
DA:99,34
DA:100,34
DA:101,136
DA:103,34
DA:116,5
DA:117,5
DA:119,5
DA:120,5
DA:124,5
DA:125,5
DA:126,5
DA:128,3
DA:132,5
DA:133,5
DA:134,2
DA:137,5
DA:138,5
DA:142,6
DA:147,2
DA:148,2
DA:149,2
DA:150,2
DA:151,2
DA:162,2
DA:164,2
DA:165,3
DA:167,0
DA:169,2
DA:170,3
DA:171,1
DA:172,3
DA:187,3
DA:188,2
DA:189,2
DA:191,0
DA:200,30
DA:201,30
DA:202,120
DA:203,120
DA:205,30
DA:210,29
DA:220,72
DA:221,2
DA:241,1
DA:242,1
DA:243,1
DA:244,4
DA:245,4
DA:247,1
DA:257,1
DA:258,1
DA:259,1
DA:260,1
LF:65
LH:62
BRDA:89,0,0,0
BRDA:89,0,1,136
BRDA:117,1,0,0
BRDA:117,1,1,5
BRDA:133,2,0,2
BRDA:133,2,1,3
BRDA:133,3,0,5
BRDA:133,3,1,2
BRDA:187,4,0,1
BRDA:187,4,1,2
BRDA:203,5,0,2
BRDA:203,5,1,118
BRDA:220,6,0,70
BRDA:220,6,1,2
BRDA:245,7,0,4
BRDA:245,7,1,0
BRDA:259,8,0,0
BRDA:259,8,1,1
BRF:18
BRH:14
end_of_record
TN:
SF:src/vault/vault.ts
FN:32,constructor
FN:35,resolve
FN:49,relativePath
FN:54,titleOf
FN:61,list
FN:63,(anonymous_5)
FN:87,(anonymous_6)
FN:91,read
FN:105,write
FN:118,create
FN:126,remove
FN:139,rename
FN:150,backlinks
FN:157,(anonymous_13)
FN:158,(anonymous_14)
FNF:15
FNH:0
FNDA:0,constructor
FNDA:0,resolve
FNDA:0,relativePath
FNDA:0,titleOf
FNDA:0,list
FNDA:0,(anonymous_5)
FNDA:0,(anonymous_6)
FNDA:0,read
FNDA:0,write
FNDA:0,create
FNDA:0,remove
FNDA:0,rename
FNDA:0,backlinks
FNDA:0,(anonymous_13)
FNDA:0,(anonymous_14)
DA:20,0
DA:32,0
DA:36,0
DA:37,0
DA:38,0
DA:39,0
DA:40,0
DA:42,0
DA:43,0
DA:45,0
DA:50,0
DA:55,0
DA:56,0
DA:57,0
DA:62,0
DA:63,0
DA:65,0
DA:66,0
DA:68,0
DA:70,0
DA:71,0
DA:72,0
DA:73,0
DA:74,0
DA:75,0
DA:76,0
DA:77,0
DA:78,0
DA:86,0
DA:87,0
DA:92,0
DA:93,0
DA:94,0
DA:95,0
DA:106,0
DA:107,0
DA:108,0
DA:109,0
DA:110,0
DA:119,0
DA:120,0
DA:121,0
DA:122,0
DA:127,0
DA:128,0
DA:129,0
DA:130,0
DA:131,0
DA:132,0
DA:133,0
DA:134,0
DA:140,0
DA:141,0
DA:142,0
DA:143,0
DA:144,0
DA:145,0
DA:146,0
DA:151,0
DA:152,0
DA:153,0
DA:154,0
DA:155,0
DA:156,0
DA:157,0
DA:158,0
DA:160,0
LF:67
LH:0
BRDA:39,0,0,0
BRDA:39,0,1,0
BRDA:39,1,0,0
BRDA:39,1,1,0
BRDA:42,2,0,0
BRDA:42,2,1,0
BRDA:56,3,0,0
BRDA:56,3,1,0
BRDA:71,4,0,0
BRDA:71,4,1,0
BRDA:73,5,0,0
BRDA:73,5,1,0
BRDA:75,6,0,0
BRDA:75,6,1,0
BRDA:75,7,0,0
BRDA:75,7,1,0
BRDA:120,8,0,0
BRDA:120,8,1,0
BRDA:128,9,0,0
BRDA:128,9,1,0
BRDA:131,10,0,0
BRDA:131,10,1,0
BRDA:132,11,0,0
BRDA:132,11,1,0
BRDA:142,12,0,0
BRDA:142,12,1,0
BRDA:143,13,0,0
BRDA:143,13,1,0
BRDA:155,14,0,0
BRDA:155,14,1,0
BRDA:158,15,0,0
BRDA:158,15,1,0
BRDA:158,16,0,0
BRDA:158,16,1,0
BRF:34
BRH:0
end_of_record
TN:
SF:src/wiki/sandbox-guard.ts
FN:42,constructor
FN:50,constructor_2
FN:83,checkWorkspacePath
FN:86,(anonymous_3)
FN:110,assertInWorkspace
FN:125,constructor_3
FN:128,assertWithinTime
FN:141,assertOutputSize
FN:153,noteFileTouched
FN:166,checkPageDiff
FN:185,(anonymous_10)
FN:188,(anonymous_11)
FN:204,guardTools
FN:211,(anonymous_13)
FN:222,(anonymous_14)
FN:257,(anonymous_15)
FN:258,(anonymous_16)
FN:266,(anonymous_17)
FN:267,(anonymous_18)
FN:275,(anonymous_19)
FN:276,(anonymous_20)
FNF:21
FNH:17
FNDA:3,constructor
FNDA:3,constructor_2
FNDA:79,checkWorkspacePath
FNDA:10,(anonymous_3)
FNDA:58,assertInWorkspace
FNDA:32,constructor_3
FNDA:10,assertWithinTime
FNDA:8,assertOutputSize
FNDA:7,noteFileTouched
FNDA:21,checkPageDiff
FNDA:18,(anonymous_10)
FNDA:18,(anonymous_11)
FNDA:32,guardTools
FNDA:96,(anonymous_13)
FNDA:10,(anonymous_14)
FNDA:10,(anonymous_15)
FNDA:8,(anonymous_16)
FNDA:0,(anonymous_17)
FNDA:0,(anonymous_18)
FNDA:0,(anonymous_19)
FNDA:0,(anonymous_20)
DA:24,9
DA:42,3
DA:43,3
DA:44,3
DA:50,3
DA:51,3
DA:52,3
DA:86,79
DA:87,79
DA:89,79
DA:90,1249
DA:93,78
DA:98,3
DA:102,75
DA:103,75
DA:105,69
DA:106,69
DA:111,58
DA:112,58
DA:122,32
DA:123,32
DA:125,32
DA:129,10
DA:130,10
DA:131,0
DA:142,8
DA:143,1
DA:154,7
DA:155,7
DA:156,2
DA:170,21
DA:173,21
DA:174,0
DA:181,21
DA:185,9
DA:186,18
DA:188,9
DA:189,18
DA:190,18
DA:209,32
DA:211,32
DA:217,96
DA:218,96
DA:219,88
DA:220,88
DA:226,10
DA:227,10
DA:228,10
DA:229,10
DA:230,10
DA:231,10
DA:232,2
DA:233,2
DA:236,8
DA:237,8
DA:238,7
DA:239,5
DA:240,5
DA:241,5
DA:243,5
DA:244,3
DA:245,2
DA:247,0
DA:249,5
DA:255,32
DA:257,10
DA:259,8
DA:260,8
DA:264,32
DA:266,0
DA:267,0
DA:273,32
DA:275,0
DA:277,0
DA:278,0
DA:283,32
LF:76
LH:68
BRDA:87,0,0,0
BRDA:87,0,1,79
BRDA:87,1,0,79
BRDA:87,1,1,79
BRDA:90,2,0,1
BRDA:90,2,1,1248
BRDA:93,3,0,3
BRDA:93,3,1,75
BRDA:94,4,0,78
BRDA:94,4,1,77
BRDA:94,4,2,76
BRDA:103,5,0,6
BRDA:103,5,1,69
BRDA:103,6,0,75
BRDA:103,6,1,75
BRDA:105,7,0,0
BRDA:105,7,1,69
BRDA:112,8,0,1
BRDA:112,8,1,57
BRDA:130,9,0,0
BRDA:130,9,1,10
BRDA:142,10,0,1
BRDA:142,10,1,7
BRDA:155,11,0,2
BRDA:155,11,1,5
BRDA:171,12,0,21
BRDA:171,12,1,18
BRDA:173,13,0,0
BRDA:173,13,1,21
BRDA:186,14,0,18
BRDA:186,14,1,0
BRDA:186,15,0,18
BRDA:186,15,1,18
BRDA:190,16,0,18
BRDA:190,16,1,0
BRDA:218,17,0,8
BRDA:218,17,1,88
BRDA:229,18,0,10
BRDA:229,18,1,0
BRDA:231,19,0,2
BRDA:231,19,1,8
BRDA:237,20,0,8
BRDA:237,20,1,0
BRDA:238,21,0,7
BRDA:238,21,1,0
BRDA:238,22,0,7
BRDA:238,22,1,7
BRDA:243,23,0,3
BRDA:243,23,1,2
BRDA:245,24,0,0
BRDA:245,24,1,2
BRDA:260,25,0,0
BRDA:260,25,1,8
BRDA:278,26,0,0
BRDA:278,26,1,0
BRF:55
BRH:42
end_of_record
TN:
SF:src/wiki/self-healing.ts
FN:20,healWiki
FN:28,(anonymous_1)
FN:37,(anonymous_2)
FNF:3
FNH:3
FNDA:3,healWiki
FNDA:2,(anonymous_1)
FNDA:2,(anonymous_2)
DA:21,3
DA:22,3
DA:24,3
DA:25,2
DA:26,2
DA:27,2
DA:28,2
DA:29,2
DA:30,2
DA:34,3
DA:37,2
LF:11
LH:11
BRDA:20,0,0,3
BRDA:28,1,0,2
BRDA:28,1,1,0
BRDA:37,2,0,1
BRDA:37,2,1,2
BRF:5
BRH:4
end_of_record
TN:
SF:src/wiki/wiki-lint.ts
FN:42,lintPage
FN:58,(anonymous_1)
FN:73,(anonymous_2)
FN:91,(anonymous_3)
FN:114,(anonymous_4)
FNF:5
FNH:5
FNDA:5,lintPage
FNDA:4,(anonymous_1)
FNDA:4,(anonymous_2)
FNDA:4,(anonymous_3)
FNDA:4,(anonymous_4)
DA:35,2
DA:36,2
DA:43,5
DA:44,5
DA:45,5
DA:47,5
DA:48,0
DA:56,5
DA:57,5
DA:58,5
DA:59,5
DA:60,3
DA:68,5
DA:69,3
DA:73,5
DA:74,5
DA:75,5
DA:76,2
DA:81,3
DA:82,1
DA:91,5
DA:92,5
DA:93,0
DA:101,5
DA:102,5
DA:103,0
DA:112,5
DA:114,4
DA:115,5
DA:116,5
DA:117,5
DA:118,5
DA:119,5
DA:120,5
DA:121,5
DA:122,5
DA:124,5
LF:37
LH:34
BRDA:47,0,0,0
BRDA:47,0,1,5
BRDA:58,1,0,4
BRDA:58,1,1,4
BRDA:59,2,0,3
BRDA:59,2,1,2
BRDA:68,3,0,3
BRDA:68,3,1,2
BRDA:74,4,0,1
BRDA:74,4,1,4
BRDA:75,5,0,2
BRDA:75,5,1,3
BRDA:75,6,0,5
BRDA:75,6,1,4
BRDA:81,7,0,1
BRDA:81,7,1,2
BRDA:92,8,0,0
BRDA:92,8,1,5
BRDA:92,9,0,5
BRDA:92,9,1,4
BRDA:101,10,0,5
BRDA:101,10,1,5
BRDA:102,11,0,0
BRDA:102,11,1,5
BRDA:112,12,0,1
BRDA:112,12,1,4
BRDA:116,13,0,3
BRDA:116,13,1,2
BRDA:117,14,0,3
BRDA:117,14,1,2
BRDA:120,15,0,4
BRDA:120,15,1,1
BRDA:121,16,0,0
BRDA:121,16,1,5
BRF:34
BRH:30
end_of_record
TN:
SF:src/wiki/writer.ts
FN:68,stripFrontmatter
FN:81,escapeRegExp
FN:91,linkify
FN:93,(anonymous_3)
FN:102,joinNames
FN:113,describeRelationships
FN:116,(anonymous_6)
FN:139,synthesizeBody
FN:150,(anonymous_8)
FN:151,(anonymous_9)
FN:165,(anonymous_10)
FN:179,composePage
FN:202,meanOf
FN:205,(anonymous_13)
FN:209,constructor
FN:231,auditToolEvent
FN:246,pagePath
FN:250,readPage
FN:262,regenerate
FN:279,(anonymous_19)
FN:283,(anonymous_20)
FN:285,(anonymous_21)
FN:306,(anonymous_22)
FN:334,(anonymous_23)
FN:352,(anonymous_24)
FN:353,(anonymous_25)
FN:354,(anonymous_26)
FN:407,(anonymous_27)
FN:481,regenerateStale
FN:490,(anonymous_29)
FN:493,(anonymous_30)
FN:512,backfillPages
FN:514,(anonymous_32)
FN:517,(anonymous_33)
FN:548,(anonymous_34)
FN:549,(anonymous_35)
FN:561,refreshSyntheticPages
FN:565,(anonymous_37)
FN:581,(anonymous_38)
FN:582,(anonymous_39)
FNF:40
FNH:38
FNDA:37,stripFrontmatter
FNDA:9,escapeRegExp
FNDA:15,linkify
FNDA:0,(anonymous_3)
FNDA:8,joinNames
FNDA:15,describeRelationships
FNDA:8,(anonymous_6)
FNDA:15,synthesizeBody
FNDA:10,(anonymous_8)
FNDA:10,(anonymous_9)
FNDA:24,(anonymous_10)
FNDA:31,composePage
FNDA:31,meanOf
FNDA:28,(anonymous_13)
FNDA:34,constructor
FNDA:5,auditToolEvent
FNDA:73,pagePath
FNDA:39,readPage
FNDA:28,regenerate
FNDA:5,(anonymous_19)
FNDA:31,(anonymous_20)
FNDA:10,(anonymous_21)
FNDA:5,(anonymous_22)
FNDA:2,(anonymous_23)
FNDA:3,(anonymous_24)
FNDA:28,(anonymous_25)
FNDA:0,(anonymous_26)
FNDA:5,(anonymous_27)
FNDA:22,regenerateStale
FNDA:23,(anonymous_29)
FNDA:23,(anonymous_30)
FNDA:4,backfillPages
FNDA:1,(anonymous_32)
FNDA:5,(anonymous_33)
FNDA:4,(anonymous_34)
FNDA:4,(anonymous_35)
FNDA:3,refreshSyntheticPages
FNDA:6,(anonymous_37)
FNDA:3,(anonymous_38)
FNDA:3,(anonymous_39)
DA:48,9
DA:64,9
DA:65,9
DA:69,37
DA:70,37
DA:71,11
DA:72,11
DA:73,11
DA:74,11
DA:77,37
DA:82,9
DA:92,15
DA:93,15
DA:94,9
DA:95,9
DA:96,9
DA:98,15
DA:103,8
DA:104,0
DA:105,0
DA:114,15
DA:115,15
DA:116,15
DA:117,8
DA:118,8
DA:119,8
DA:121,15
DA:122,8
DA:123,4
DA:125,15
DA:126,15
DA:127,4
DA:128,15
DA:129,4
DA:130,15
DA:145,15
DA:148,15
DA:150,10
DA:152,10
DA:153,10
DA:154,10
DA:157,15
DA:158,15
DA:159,15
DA:163,15
DA:165,24
DA:168,15
DA:169,15
DA:171,15
DA:186,31
DA:199,31
DA:203,31
DA:205,28
DA:210,34
DA:211,34
DA:212,34
DA:214,34
DA:216,34
DA:222,34
DA:232,5
DA:239,5
DA:240,5
DA:247,73
DA:251,39
DA:252,39
DA:263,28
DA:264,28
DA:268,28
DA:269,28
DA:273,28
DA:274,28
DA:276,28
DA:279,5
DA:282,28
DA:283,31
DA:285,28
DA:286,10
DA:291,28
DA:292,28
DA:293,28
DA:305,28
DA:306,28
DA:310,28
DA:312,28
DA:320,28
DA:321,28
DA:322,28
DA:325,28
DA:329,28
DA:330,28
DA:334,2
DA:352,28
DA:353,28
DA:354,28
DA:355,0
DA:365,28
DA:366,25
DA:371,3
DA:372,2
DA:373,2
DA:377,2
DA:386,1
DA:391,3
DA:393,28
DA:403,28
DA:404,28
DA:405,28
DA:407,5
DA:408,28
DA:409,28
DA:418,28
DA:419,21
DA:420,21
DA:421,0
DA:427,0
DA:430,0
DA:433,28
DA:438,28
DA:439,28
DA:440,28
DA:441,25
DA:442,25
DA:443,25
DA:449,25
DA:450,25
DA:451,25
DA:455,28
DA:459,28
DA:460,28
DA:462,28
DA:463,25
DA:482,22
DA:483,22
DA:484,40
DA:485,40
DA:488,18
DA:490,23
DA:492,18
DA:493,18
DA:494,23
DA:495,23
DA:496,23
DA:497,23
DA:500,18
DA:513,4
DA:514,4
DA:515,4
DA:517,5
DA:519,4
DA:520,4
DA:521,5
DA:522,5
DA:527,5
DA:528,3
DA:529,3
DA:530,3
DA:531,3
DA:532,3
DA:533,3
DA:534,3
DA:538,3
DA:544,5
DA:546,4
DA:548,4
DA:549,4
DA:550,3
DA:562,3
DA:563,3
DA:565,6
DA:567,3
DA:568,3
DA:569,6
DA:570,6
DA:571,6
DA:573,6
DA:574,5
DA:575,5
DA:576,5
DA:577,5
DA:578,3
DA:580,3
DA:581,3
DA:582,2
DA:583,3
DA:584,3
DA:585,3
DA:586,3
DA:588,2
LF:188
LH:182
BRDA:70,0,0,11
BRDA:70,0,1,26
BRDA:72,1,0,11
BRDA:72,1,1,0
BRDA:74,2,0,11
BRDA:74,2,1,0
BRDA:94,3,0,0
BRDA:94,3,1,9
BRDA:103,4,0,8
BRDA:103,4,1,0
BRDA:104,5,0,0
BRDA:104,5,1,0
BRDA:117,6,0,8
BRDA:117,6,1,8
BRDA:122,7,0,4
BRDA:122,7,1,4
BRDA:145,8,0,15
BRDA:145,8,1,8
BRDA:153,9,0,10
BRDA:153,9,1,0
BRDA:154,10,0,0
BRDA:154,10,1,10
BRDA:158,11,0,7
BRDA:158,11,1,8
BRDA:159,12,0,9
BRDA:159,12,1,6
BRDA:169,13,0,8
BRDA:169,13,1,7
BRDA:169,14,0,5
BRDA:169,14,1,3
BRDA:171,15,0,15
BRDA:171,15,1,1
BRDA:195,16,0,13
BRDA:195,16,1,18
BRDA:203,17,0,4
BRDA:203,17,1,27
BRDA:222,18,0,34
BRDA:235,19,0,5
BRDA:235,19,1,0
BRDA:237,20,0,2
BRDA:237,20,1,3
BRDA:252,21,0,11
BRDA:252,21,1,28
BRDA:264,22,0,0
BRDA:264,22,1,28
BRDA:269,23,0,3
BRDA:269,23,1,25
BRDA:276,24,0,28
BRDA:276,24,1,5
BRDA:286,25,0,5
BRDA:286,25,1,5
BRDA:331,26,0,28
BRDA:331,26,1,0
BRDA:334,27,0,2
BRDA:334,27,1,26
BRDA:344,28,0,28
BRDA:344,28,1,1
BRDA:347,29,0,28
BRDA:347,29,1,18
BRDA:371,30,0,2
BRDA:371,30,1,1
BRDA:371,31,0,3
BRDA:371,31,1,2
BRDA:388,32,0,1
BRDA:388,32,1,0
BRDA:405,33,0,2
BRDA:405,33,1,26
BRDA:408,34,0,28
BRDA:408,34,1,7
BRDA:409,35,0,2
BRDA:409,35,1,26
BRDA:410,36,0,2
BRDA:410,36,1,2
BRDA:410,37,0,26
BRDA:410,37,1,5
BRDA:410,37,2,3
BRDA:418,38,0,21
BRDA:418,38,1,7
BRDA:420,39,0,0
BRDA:420,39,1,21
BRDA:433,40,0,28
BRDA:433,40,1,21
BRDA:439,41,0,28
BRDA:439,41,1,3
BRDA:440,42,0,25
BRDA:440,42,1,3
BRDA:449,43,0,25
BRDA:449,43,1,0
BRDA:450,44,0,0
BRDA:450,44,1,25
BRDA:455,45,0,28
BRDA:455,45,1,0
BRDA:462,46,0,3
BRDA:462,46,1,25
BRDA:469,47,0,25
BRDA:469,47,1,0
BRDA:481,48,0,22
BRDA:485,49,0,22
BRDA:485,49,1,18
BRDA:497,50,0,20
BRDA:497,50,1,3
BRDA:513,51,0,0
BRDA:513,51,1,4
BRDA:522,52,0,3
BRDA:522,52,1,2
BRDA:527,53,0,3
BRDA:527,53,1,2
BRDA:531,54,0,3
BRDA:531,54,1,0
BRDA:544,55,0,4
BRDA:544,55,1,1
BRDA:544,56,0,5
BRDA:544,56,1,4
BRDA:546,57,0,1
BRDA:546,57,1,3
BRDA:562,58,0,0
BRDA:562,58,1,3
BRDA:570,59,0,5
BRDA:570,59,1,1
BRDA:571,60,0,5
BRDA:571,60,1,1
BRDA:573,61,0,1
BRDA:573,61,1,5
BRDA:573,62,0,6
BRDA:573,62,1,4
BRDA:577,63,0,2
BRDA:577,63,1,3
BRDA:580,64,0,1
BRDA:580,64,1,2
BRF:129
BRH:109
end_of_record
