TN:
SF:src/durable-ingest.ts
FN:62,constructor
FN:75,batchCap
FN:84,enqueueFile
FN:122,enqueueText
FN:157,retry
FN:159,(anonymous_5)
FN:164,start
FN:170,(anonymous_7)
FN:178,stop
FN:196,pump
FN:203,(anonymous_10)
FN:213,execute
FN:257,(anonymous_12)
FN:262,runIngest
FN:290,fail
FN:296,(anonymous_15)
FNF:16
FNH:8
FNDA:10,constructor
FNDA:2,batchCap
FNDA:0,enqueueFile
FNDA:0,enqueueText
FNDA:2,retry
FNDA:1,(anonymous_5)
FNDA:0,start
FNDA:0,(anonymous_7)
FNDA:1,stop
FNDA:3,pump
FNDA:3,(anonymous_10)
FNDA:3,execute
FNDA:0,(anonymous_12)
FNDA:0,runIngest
FNDA:0,fail
FNDA:0,(anonymous_15)
DA:22,8
DA:24,8
DA:26,8
DA:35,8
DA:49,10
DA:51,10
DA:57,10
DA:63,10
DA:71,10
DA:76,2
DA:93,0
DA:99,0
DA:110,0
DA:117,0
DA:118,0
DA:130,0
DA:131,0
DA:140,0
DA:146,0
DA:147,0
DA:158,2
DA:159,1
DA:160,1
DA:165,0
DA:168,0
DA:169,0
DA:170,0
DA:171,0
DA:172,0
DA:173,0
DA:175,0
DA:179,1
DA:180,1
DA:181,1
DA:197,3
DA:198,2
DA:199,2
DA:200,3
DA:201,3
DA:202,3
DA:203,3
DA:214,3
DA:215,3
DA:216,3
DA:217,3
DA:218,3
DA:219,0
DA:220,0
DA:224,3
DA:225,3
DA:229,0
DA:230,0
DA:231,0
DA:233,0
DA:234,0
DA:235,0
DA:246,0
DA:250,0
DA:252,0
DA:257,0
DA:267,0
DA:268,0
DA:269,0
DA:270,0
DA:271,0
DA:273,0
DA:274,0
DA:278,0
DA:281,0
DA:283,0
DA:286,0
DA:291,0
DA:292,0
DA:293,0
DA:296,0
LF:75
LH:30
BRDA:71,0,0,10
BRDA:71,0,1,8
BRDA:108,1,0,0
BRDA:108,1,1,0
BRDA:108,2,0,0
BRDA:108,2,1,0
BRDA:138,3,0,0
BRDA:138,3,1,0
BRDA:158,4,0,1
BRDA:158,4,1,1
BRDA:180,5,0,0
BRDA:180,5,1,1
BRDA:197,6,0,1
BRDA:197,6,1,2
BRDA:197,7,0,3
BRDA:197,7,1,3
BRDA:201,8,0,0
BRDA:201,8,1,3
BRDA:214,9,0,0
BRDA:214,9,1,3
BRDA:218,10,0,0
BRDA:218,10,1,3
BRDA:219,11,0,0
BRDA:219,11,1,0
BRDA:224,12,0,3
BRDA:224,12,1,0
BRDA:227,13,0,3
BRDA:227,13,1,3
BRDA:229,14,0,0
BRDA:229,14,1,0
BRDA:233,15,0,0
BRDA:233,15,1,0
BRDA:233,16,0,0
BRDA:233,16,1,0
BRDA:244,17,0,0
BRDA:244,17,1,0
BRDA:270,18,0,0
BRDA:270,18,1,0
BRDA:273,19,0,0
BRDA:273,19,1,0
BRDA:273,20,0,0
BRDA:273,20,1,0
BRDA:276,21,0,0
BRDA:276,21,1,0
BRDA:278,22,0,0
BRDA:278,22,1,0
BRDA:291,23,0,0
BRDA:291,23,1,0
BRDA:293,24,0,0
BRDA:293,24,1,0
BRF:50
BRH:15
end_of_record
TN:
SF:src/errors.ts
FN:18,constructor
FN:36,(anonymous_1)
FN:38,(anonymous_2)
FN:40,(anonymous_3)
FN:42,(anonymous_4)
FN:44,(anonymous_5)
FN:46,(anonymous_6)
FN:51,zodDetails
FN:52,(anonymous_8)
FN:63,parseOrThrow
FN:80,registerErrorHandler
FN:81,(anonymous_11)
FN:83,(anonymous_12)
FNF:13
FNH:10
FNDA:18,constructor
FNDA:4,(anonymous_1)
FNDA:9,(anonymous_2)
FNDA:5,(anonymous_3)
FNDA:0,(anonymous_4)
FNDA:0,(anonymous_5)
FNDA:0,(anonymous_6)
FNDA:9,zodDetails
FNDA:11,(anonymous_8)
FNDA:25,parseOrThrow
FNDA:8,registerErrorHandler
FNDA:18,(anonymous_11)
FNDA:18,(anonymous_12)
DA:24,18
DA:25,18
DA:26,18
DA:27,18
DA:28,18
DA:30,18
DA:35,7
DA:37,4
DA:39,9
DA:41,5
DA:43,0
DA:45,0
DA:47,0
DA:52,11
DA:68,25
DA:69,25
DA:70,9
DA:72,16
DA:81,8
DA:82,18
DA:83,18
DA:90,18
DA:91,18
DA:92,18
DA:95,18
DA:96,18
DA:97,18
DA:101,0
DA:102,0
DA:103,0
DA:108,0
DA:109,0
DA:110,0
DA:111,0
DA:112,0
DA:116,0
DA:117,0
LF:37
LH:24
BRDA:30,0,0,18
BRDA:30,0,1,18
BRDA:66,1,0,25
BRDA:69,2,0,9
BRDA:69,2,1,16
BRDA:91,3,0,9
BRDA:91,3,1,9
BRDA:95,4,0,18
BRDA:95,4,1,0
BRDA:101,5,0,0
BRDA:101,5,1,0
BRDA:110,6,0,0
BRDA:110,6,1,0
BRDA:110,7,0,0
BRDA:110,7,1,0
BRDA:110,7,2,0
BRDA:111,8,0,0
BRDA:111,8,1,0
BRF:18
BRH:8
end_of_record
TN:
SF:src/server.ts
FN:24,buildServer
FN:52,(anonymous_1)
FN:55,(anonymous_2)
FN:60,(anonymous_3)
FN:83,(anonymous_4)
FNF:5
FNH:3
FNDA:8,buildServer
FNDA:2,(anonymous_1)
FNDA:10,(anonymous_2)
FNDA:0,(anonymous_3)
FNDA:0,(anonymous_4)
DA:25,8
DA:28,8
DA:40,8
DA:44,8
DA:48,8
DA:52,8
DA:55,10
DA:60,8
DA:62,8
DA:63,8
DA:64,8
DA:65,8
DA:66,8
DA:67,8
DA:68,8
DA:69,8
DA:70,8
DA:71,8
DA:72,8
DA:73,8
DA:80,8
DA:81,8
DA:82,0
DA:83,0
DA:84,0
DA:85,0
DA:92,0
DA:96,8
LF:28
LH:23
BRDA:80,0,0,8
BRDA:80,0,1,0
BRDA:81,1,0,0
BRDA:81,1,1,8
BRDA:84,2,0,0
BRDA:84,2,1,0
BRF:6
BRH:2
end_of_record
TN:
SF:src/routes/chat.ts
FN:8,registerChatRoutes
FN:17,(anonymous_1)
FN:18,(anonymous_2)
FN:21,(anonymous_3)
FN:25,(anonymous_4)
FN:29,(anonymous_5)
FN:39,(anonymous_6)
FN:50,(anonymous_7)
FN:79,(anonymous_8)
FN:121,(anonymous_9)
FN:129,(anonymous_10)
FNF:11
FNH:6
FNDA:8,registerChatRoutes
FNDA:0,(anonymous_1)
FNDA:0,(anonymous_2)
FNDA:3,(anonymous_3)
FNDA:2,(anonymous_4)
FNDA:3,(anonymous_5)
FNDA:0,(anonymous_6)
FNDA:0,(anonymous_7)
FNDA:0,(anonymous_8)
FNDA:2,(anonymous_9)
FNDA:2,(anonymous_10)
DA:12,8
DA:17,0
DA:18,0
DA:21,8
DA:22,3
DA:25,8
DA:29,8
DA:30,3
DA:31,3
DA:32,1
DA:34,1
DA:39,8
DA:40,0
DA:41,0
DA:42,0
DA:44,0
DA:45,0
DA:48,8
DA:53,0
DA:54,0
DA:55,0
DA:57,0
DA:58,0
DA:59,0
DA:60,0
DA:61,0
DA:62,0
DA:69,0
DA:70,0
DA:75,0
DA:76,0
DA:78,0
DA:79,0
DA:81,0
DA:85,0
DA:86,0
DA:87,0
DA:88,0
DA:90,0
DA:91,0
DA:93,0
DA:99,0
DA:100,0
DA:103,0
DA:104,0
DA:105,0
DA:107,0
DA:111,0
DA:112,0
DA:114,0
DA:117,0
DA:121,8
DA:122,2
DA:123,2
DA:124,2
DA:125,0
DA:127,1
DA:128,1
DA:129,2
LF:59
LH:18
BRDA:31,0,0,1
BRDA:31,0,1,2
BRDA:41,1,0,0
BRDA:41,1,1,0
BRDA:54,2,0,0
BRDA:54,2,1,0
BRDA:59,3,0,0
BRDA:59,3,1,0
BRDA:61,4,0,0
BRDA:61,4,1,0
BRDA:76,5,0,0
BRDA:76,5,1,0
BRDA:76,6,0,0
BRDA:76,6,1,0
BRDA:85,7,0,0
BRDA:85,7,1,0
BRDA:90,8,0,0
BRDA:90,8,1,0
BRDA:95,9,0,0
BRDA:95,9,1,0
BRDA:111,10,0,0
BRDA:111,10,1,0
BRDA:114,11,0,0
BRDA:114,11,1,0
BRDA:124,12,0,0
BRDA:124,12,1,2
BRF:26
BRH:3
end_of_record
TN:
SF:src/routes/connectors.ts
FN:23,registerConnectorRoutes
FN:28,(anonymous_1)
FN:31,(anonymous_2)
FN:51,(anonymous_3)
FN:56,(anonymous_4)
FN:69,(anonymous_5)
FN:77,(anonymous_6)
FN:85,(anonymous_7)
FN:87,(anonymous_8)
FN:139,(anonymous_9)
FN:166,(anonymous_10)
FN:178,(anonymous_11)
FNF:12
FNH:6
FNDA:8,registerConnectorRoutes
FNDA:2,(anonymous_1)
FNDA:6,(anonymous_2)
FNDA:1,(anonymous_3)
FNDA:2,(anonymous_4)
FNDA:0,(anonymous_5)
FNDA:0,(anonymous_6)
FNDA:0,(anonymous_7)
FNDA:0,(anonymous_8)
FNDA:2,(anonymous_9)
FNDA:0,(anonymous_10)
FNDA:0,(anonymous_11)
DA:14,7
DA:25,8
DA:26,8
DA:28,8
DA:29,2
DA:30,2
DA:31,2
DA:32,6
DA:33,6
DA:41,2
DA:51,8
DA:54,8
DA:57,2
DA:58,2
DA:59,2
DA:60,2
DA:61,0
DA:63,1
DA:64,1
DA:69,8
DA:70,0
DA:71,0
DA:72,0
DA:74,0
DA:75,0
DA:77,0
DA:78,0
DA:79,0
DA:83,8
DA:86,0
DA:87,0
DA:88,0
DA:97,0
DA:98,0
DA:99,0
DA:100,0
DA:102,0
DA:104,0
DA:105,0
DA:106,0
DA:108,0
DA:109,0
DA:116,0
DA:118,0
DA:119,0
DA:120,0
DA:121,0
DA:126,0
DA:131,0
DA:137,8
DA:140,2
DA:141,2
DA:142,2
DA:143,2
DA:144,2
DA:146,1
DA:151,1
DA:156,2
DA:158,2
DA:159,0
DA:164,8
DA:167,0
DA:168,0
DA:169,0
DA:170,0
DA:171,0
DA:172,0
DA:173,0
DA:178,8
DA:179,0
DA:180,0
DA:181,0
DA:182,0
DA:183,0
LF:74
LH:32
BRDA:30,0,0,2
BRDA:30,0,1,2
BRDA:32,1,0,3
BRDA:32,1,1,3
BRDA:36,2,0,6
BRDA:36,2,1,6
BRDA:37,3,0,6
BRDA:37,3,1,6
BRDA:38,4,0,6
BRDA:38,4,1,6
BRDA:44,5,0,2
BRDA:44,5,1,2
BRDA:45,6,0,2
BRDA:45,6,1,1
BRDA:60,7,0,0
BRDA:60,7,1,2
BRDA:60,8,0,2
BRDA:60,8,1,1
BRDA:71,9,0,0
BRDA:71,9,1,0
BRDA:97,10,0,0
BRDA:97,10,1,0
BRDA:98,11,0,0
BRDA:98,11,1,0
BRDA:99,12,0,0
BRDA:99,12,1,0
BRDA:99,13,0,0
BRDA:99,13,1,0
BRDA:99,13,2,0
BRDA:105,14,0,0
BRDA:105,14,1,0
BRDA:105,15,0,0
BRDA:105,15,1,0
BRDA:120,16,0,0
BRDA:120,16,1,0
BRDA:131,17,0,0
BRDA:131,17,1,0
BRDA:142,18,0,0
BRDA:142,18,1,2
BRDA:144,19,0,1
BRDA:144,19,1,1
BRDA:154,20,0,0
BRDA:154,20,1,0
BRDA:158,21,0,0
BRDA:158,21,1,2
BRDA:169,22,0,0
BRDA:169,22,1,0
BRDA:171,23,0,0
BRDA:171,23,1,0
BRDA:180,24,0,0
BRDA:180,24,1,0
BRF:51
BRH:21
end_of_record
TN:
SF:src/routes/ingest.ts
FN:6,registerIngestRoutes
FN:10,(anonymous_1)
FN:12,(anonymous_2)
FN:23,(anonymous_3)
FN:47,(anonymous_4)
FN:54,(anonymous_5)
FN:56,(anonymous_6)
FN:78,(anonymous_7)
FN:94,(anonymous_8)
FN:109,(anonymous_9)
FN:136,(anonymous_10)
FN:137,(anonymous_11)
FN:142,(anonymous_12)
FNF:13
FNH:10
FNDA:8,registerIngestRoutes
FNDA:1,(anonymous_1)
FNDA:1,(anonymous_2)
FNDA:1,(anonymous_3)
FNDA:2,(anonymous_4)
FNDA:1,(anonymous_5)
FNDA:1,(anonymous_6)
FNDA:1,(anonymous_7)
FNDA:3,(anonymous_8)
FNDA:3,(anonymous_9)
FNDA:0,(anonymous_10)
FNDA:0,(anonymous_11)
FNDA:0,(anonymous_12)
DA:10,8
DA:11,1
DA:12,1
DA:23,8
DA:24,1
DA:25,1
DA:26,0
DA:27,0
DA:28,0
DA:33,0
DA:39,0
DA:41,1
DA:42,1
DA:44,0
DA:47,8
DA:54,8
DA:55,1
DA:56,1
DA:78,8
DA:79,1
DA:94,8
DA:95,3
DA:96,3
DA:97,3
DA:98,1
DA:100,2
DA:101,2
DA:102,1
DA:104,1
DA:109,8
DA:110,3
DA:111,3
DA:112,3
DA:113,1
DA:118,1
DA:119,1
DA:123,1
DA:124,0
DA:130,0
DA:131,0
DA:134,1
DA:135,1
DA:136,0
DA:137,0
DA:138,0
DA:142,0
DA:152,1
LF:47
LH:34
BRDA:41,0,0,1
BRDA:41,0,1,0
BRDA:97,1,0,1
BRDA:97,1,1,2
BRDA:101,2,0,1
BRDA:101,2,1,1
BRDA:112,3,0,1
BRDA:112,3,1,2
BRDA:124,4,0,0
BRDA:124,4,1,0
BRDA:148,5,0,0
BRDA:148,5,1,0
BRF:12
BRH:7
end_of_record
TN:
SF:src/routes/runtime.ts
FN:12,registerRuntimeRoutes
FN:13,(anonymous_1)
FNF:2
FNH:2
FNDA:8,registerRuntimeRoutes
FNDA:1,(anonymous_1)
DA:13,8
DA:14,1
LF:2
LH:2
BRF:0
BRH:0
end_of_record
TN:
SF:src/routes/settings.ts
FN:26,hasKey
FN:28,(anonymous_1)
FN:33,llmSettingsView
FN:56,registerSettingsRoutes
FN:57,(anonymous_4)
FN:67,(anonymous_5)
FN:78,(anonymous_6)
FN:87,(anonymous_7)
FN:87,(anonymous_8)
FN:105,(anonymous_9)
FN:116,(anonymous_10)
FN:123,(anonymous_11)
FN:173,(anonymous_12)
FN:198,(anonymous_13)
FN:202,(anonymous_14)
FN:224,(anonymous_15)
FN:238,(anonymous_16)
FNF:17
FNH:10
FNDA:12,hasKey
FNDA:16,(anonymous_1)
FNDA:4,llmSettingsView
FNDA:8,registerSettingsRoutes
FNDA:2,(anonymous_4)
FNDA:0,(anonymous_5)
FNDA:0,(anonymous_6)
FNDA:0,(anonymous_7)
FNDA:0,(anonymous_8)
FNDA:1,(anonymous_9)
FNDA:0,(anonymous_10)
FNDA:3,(anonymous_11)
FNDA:0,(anonymous_12)
FNDA:1,(anonymous_13)
FNDA:1,(anonymous_14)
FNDA:2,(anonymous_15)
FNDA:0,(anonymous_16)
DA:17,7
DA:20,7
DA:27,12
DA:28,16
DA:34,4
DA:37,4
DA:38,4
DA:39,4
DA:57,8
DA:65,8
DA:68,0
DA:71,0
DA:72,0
DA:74,0
DA:75,0
DA:78,0
DA:82,0
DA:83,0
DA:87,0
DA:88,0
DA:90,0
DA:91,0
DA:103,8
DA:106,1
DA:107,1
DA:108,1
DA:110,0
DA:111,0
DA:112,0
DA:114,1
DA:116,0
DA:117,1
DA:121,8
DA:124,3
DA:129,3
DA:130,3
DA:132,3
DA:133,2
DA:136,2
DA:137,2
DA:138,0
DA:143,0
DA:146,0
DA:147,0
DA:148,0
DA:150,0
DA:151,0
DA:152,0
DA:156,2
DA:157,2
DA:159,0
DA:163,2
DA:164,2
DA:171,8
DA:174,0
DA:179,0
DA:180,0
DA:181,0
DA:182,0
DA:184,0
DA:185,0
DA:188,0
DA:189,0
DA:191,0
DA:193,0
DA:194,0
DA:198,8
DA:202,8
DA:203,1
DA:204,1
DA:205,1
DA:206,0
DA:208,0
DA:210,0
DA:211,0
DA:213,0
DA:215,0
DA:216,0
DA:219,0
DA:220,0
DA:221,0
DA:224,8
DA:225,2
DA:226,2
DA:227,2
DA:228,1
DA:230,0
DA:231,0
DA:238,8
DA:239,0
DA:240,0
DA:243,0
DA:244,0
DA:246,0
DA:249,0
DA:253,0
DA:255,0
DA:257,0
LF:98
LH:40
BRDA:28,0,0,12
BRDA:28,0,1,12
BRDA:37,1,0,4
BRDA:37,1,1,4
BRDA:38,2,0,4
BRDA:38,2,1,4
BRDA:69,3,0,0
BRDA:69,3,1,0
BRDA:71,4,0,0
BRDA:71,4,1,0
BRDA:82,5,0,0
BRDA:82,5,1,0
BRDA:82,6,0,0
BRDA:82,6,1,0
BRDA:90,7,0,0
BRDA:90,7,1,0
BRDA:107,8,0,1
BRDA:107,8,1,0
BRDA:112,9,0,0
BRDA:112,9,1,0
BRDA:114,10,0,1
BRDA:114,10,1,0
BRDA:114,10,2,0
BRDA:132,11,0,2
BRDA:132,11,1,0
BRDA:133,12,0,2
BRDA:133,12,1,0
BRDA:136,13,0,2
BRDA:136,13,1,0
BRDA:137,14,0,0
BRDA:137,14,1,2
BRDA:146,15,0,0
BRDA:146,15,1,0
BRDA:148,16,0,0
BRDA:148,16,1,0
BRDA:150,17,0,0
BRDA:150,17,1,0
BRDA:151,18,0,0
BRDA:151,18,1,0
BRDA:159,19,0,0
BRDA:159,19,1,0
BRDA:181,20,0,0
BRDA:181,20,1,0
BRDA:184,21,0,0
BRDA:184,21,1,0
BRDA:191,22,0,0
BRDA:191,22,1,0
BRDA:205,23,0,0
BRDA:205,23,1,1
BRDA:215,24,0,0
BRDA:215,24,1,0
BRDA:227,25,0,1
BRDA:227,25,1,1
BRDA:257,26,0,0
BRDA:257,26,1,0
BRF:55
BRH:15
end_of_record
TN:
SF:src/routes/wiki.ts
FN:7,registerWikiRoutes
FN:10,(anonymous_1)
FN:14,(anonymous_2)
FN:20,(anonymous_3)
FN:28,(anonymous_4)
FN:37,(anonymous_5)
FN:38,(anonymous_6)
FN:45,(anonymous_7)
FN:46,(anonymous_8)
FN:56,(anonymous_9)
FN:57,(anonymous_10)
FN:63,(anonymous_11)
FN:70,(anonymous_12)
FN:77,(anonymous_13)
FN:95,(anonymous_14)
FN:99,(anonymous_15)
FNF:16
FNH:6
FNDA:8,registerWikiRoutes
FNDA:0,(anonymous_1)
FNDA:1,(anonymous_2)
FNDA:0,(anonymous_3)
FNDA:0,(anonymous_4)
FNDA:0,(anonymous_5)
FNDA:0,(anonymous_6)
FNDA:1,(anonymous_7)
FNDA:0,(anonymous_8)
FNDA:1,(anonymous_9)
FNDA:0,(anonymous_10)
FNDA:0,(anonymous_11)
FNDA:2,(anonymous_12)
FNDA:0,(anonymous_13)
FNDA:1,(anonymous_14)
FNDA:0,(anonymous_15)
DA:10,8
DA:14,8
DA:15,1
DA:16,1
DA:17,0
DA:20,0
DA:21,0
DA:22,0
DA:24,0
DA:28,8
DA:29,0
DA:30,0
DA:31,0
DA:33,0
DA:37,8
DA:38,0
DA:39,0
DA:40,0
DA:42,0
DA:45,8
DA:46,0
DA:56,8
DA:57,0
DA:63,0
DA:70,8
DA:71,2
DA:72,2
DA:73,2
DA:74,1
DA:76,1
DA:77,1
DA:82,1
DA:98,1
DA:99,1
LF:34
LH:18
BRDA:16,0,0,0
BRDA:16,0,1,1
BRDA:30,1,0,0
BRDA:30,1,1,0
BRDA:73,2,0,1
BRDA:73,2,1,1
BRDA:79,3,0,0
BRDA:79,3,1,0
BRDA:80,4,0,0
BRDA:80,4,1,0
BRDA:109,5,0,0
BRDA:109,5,1,0
BRF:12
BRH:3
end_of_record
TN:
SF:src/runtime/worker.ts
FN:37,register
FN:41,list
FN:45,get
FN:46,(anonymous_3)
FN:50,startAll
FN:55,stopAll
FN:60,health
FN:61,(anonymous_7)
FN:66,errorMessage
FNF:9
FNH:5
FNDA:9,register
FNDA:0,list
FNDA:0,get
FNDA:0,(anonymous_3)
FNDA:1,startAll
FNDA:1,stopAll
FNDA:4,health
FNDA:18,(anonymous_7)
FNDA:0,errorMessage
DA:34,9
DA:38,9
DA:42,0
DA:46,0
DA:51,3
DA:56,3
DA:61,18
DA:67,0
LF:8
LH:5
BRDA:67,0,0,0
BRDA:67,0,1,0
BRF:2
BRH:0
end_of_record
TN:
SF:src/runtime/workers.ts
FN:18,constructor
FN:20,start
FN:31,stop
FN:39,health
FN:59,constructor_2
FN:61,start_2
FN:72,stop_2
FN:77,health_2
FN:103,constructor_3
FN:105,start_3
FN:109,stop_3
FN:114,health_3
FN:139,constructor_4
FN:145,start_4
FN:149,stop_4
FN:153,health_4
FN:174,constructor_5
FN:181,start_5
FN:187,stop_5
FN:191,health_5
FN:194,(anonymous_20)
FNF:21
FNH:11
FNDA:8,constructor
FNDA:0,start
FNDA:0,stop
FNDA:3,health
FNDA:8,constructor_2
FNDA:0,start_2
FNDA:0,stop_2
FNDA:3,health_2
FNDA:1,constructor_3
FNDA:0,start_3
FNDA:1,stop_3
FNDA:2,health_3
FNDA:9,constructor_4
FNDA:0,start_4
FNDA:0,stop_4
FNDA:6,health_4
FNDA:16,constructor_5
FNDA:0,start_5
FNDA:0,stop_5
FNDA:6,health_5
FNDA:0,(anonymous_20)
DA:14,8
DA:15,8
DA:16,8
DA:18,8
DA:21,0
DA:22,0
DA:23,0
DA:24,0
DA:26,0
DA:27,0
DA:32,0
DA:33,0
DA:35,0
DA:40,3
DA:55,8
DA:56,8
DA:57,8
DA:59,8
DA:62,0
DA:63,0
DA:64,0
DA:65,0
DA:67,0
DA:68,0
DA:73,0
DA:74,0
DA:78,3
DA:79,3
DA:100,1
DA:101,1
DA:103,1
DA:110,1
DA:111,1
DA:115,2
DA:116,2
DA:117,2
DA:140,9
DA:141,9
DA:142,9
DA:154,6
DA:155,6
DA:156,6
DA:175,16
DA:176,16
DA:177,16
DA:178,16
DA:184,0
DA:188,0
DA:194,6
DA:206,6
DA:207,6
LF:51
LH:32
BRDA:42,0,0,0
BRDA:42,0,1,3
BRDA:42,1,0,0
BRDA:42,1,1,3
BRDA:43,2,0,0
BRDA:43,2,1,3
BRDA:81,3,0,0
BRDA:81,3,1,3
BRDA:81,4,0,0
BRDA:81,4,1,3
BRDA:82,5,0,0
BRDA:82,5,1,3
BRDA:83,6,0,0
BRDA:83,6,1,0
BRDA:119,7,0,1
BRDA:119,7,1,1
BRDA:119,8,0,0
BRDA:119,8,1,1
BRDA:120,9,0,1
BRDA:120,9,1,1
BRDA:122,10,0,1
BRDA:122,10,1,0
BRDA:126,11,0,0
BRDA:126,11,1,2
BRDA:158,12,0,1
BRDA:158,12,1,5
BRDA:194,13,0,6
BRDA:194,13,1,6
BRDA:206,14,0,0
BRDA:206,14,1,6
BRDA:206,15,0,0
BRDA:206,15,1,6
BRDA:213,16,0,0
BRDA:213,16,1,6
BRF:34
BRH:20
end_of_record
